ETHON: Libcurl initialized
ETHON: performed EASY effective_url=http://auth-service:3000/notifications response_code=403 return_code=ok total_time=0.877999
ETHON: performed EASY effective_url=http://auth-service:3000/validate response_code=403 return_code=ok total_time=0.006512
ETHON: Libcurl initialized
ETHON: performed EASY effective_url=http://auth-service:3000/notifications response_code=404 return_code=ok total_time=2.373322
ETHON: Libcurl initialized
ETHON: performed EASY effective_url=https://www.webmotors.com.br/api/search/car?actualPage=1&displayPerPage=47&url=https%3A%2F%2Fwww.webmotors.com.br%2Fcarros%2Fsp%3F... response_code=200 return_code=ok total_time=0.730386
ETHON: performed EASY effective_url=https://www.webmotors.com.br/api/search/car?actualPage=1&displayPerPage=47&url=https%3A%2F%2Fwww.webmotors.com.br%2Fcarros%2Fsp%3F... response_code=200 return_code=ok total_time=0.903933
ETHON: Libcurl initialized
ETHON: performed EASY effective_url=https://www.webmotors.com.br/api/search/car?actualPage=1&displayPerPage=47&url=https%3A%2F%2Fwww.webmotors.com.br%2Fcarros%2Fsp%3F... response_code=200 return_code=ok total_time=0.819813
ETHON: Libcurl initialized
ETHON: performed EASY effective_url=https://www.webmotors.com.br/api/search/car?actualPage=1&displayPerPage=47&url=https%3A%2F%2Fwww.webmotors.com.br%2Fcarros%2Fsp%3F... response_code=403 return_code=ok total_time=0.672645
ETHON: Libcurl initialized
ETHON: performed EASY effective_url=https://www.webmotors.com.br/api/search/car?actualPage=1&displayPerPage=47&url=https%3A%2F%2Fwww.webmotors.com.br%2Fcarros%2Fsp%3F... response_code=200 return_code=ok total_time=0.715742
ETHON: Libcurl initialized
ETHON: performed EASY effective_url=https://www.webmotors.com.br/api/search/car?actualPage=1&displayPerPage=47&url=https%3A%2F%2Fwww.webmotors.com.br%2Fcarros%2Fsp%3Fmarca1%3Dhonda%26modelo1%3Dcivic%26page%3D1 response_code=403 return_code=ok total_time=0.514112
ETHON: Libcurl initialized
ETHON: performed EASY effective_url=https://www.webmotors.com.br/api/search/car?actualPage=1&displayPerPage=47&url=https%3A%2F%2Fwww.webmotors.com.br%2Fcarros%2Fsp%3Fmarca1%3Dhonda%26modelo1%3Dcivic%26page%3D1 response_code=403 return_code=ok total_time=0.57548
ETHON: Libcurl initialized
ETHON: performed EASY effective_url=https://www.webmotors.com.br/api/search/car?actualPage=1&displayPerPage=47&url=https%3A%2F%2Fwww.webmotors.com.br%2Fcarros%2Fsp%3Fmarca1%3Dhonda%26modelo1%3Dcivic%26page%3D1 response_code=403 return_code=ok total_time=0.556479
ETHON: Libcurl initialized
ETHON: performed EASY effective_url=https://www.webmotors.com.br/api/search/car?actualPage=1&displayPerPage=47&showCount=true&showMenu=true&url=https%3A%2F%2Fwww.webmotors.com.br%2Fcarros%2Fsp%3Fautocomplete%3Dhonda%26autocompleteTerm%3DHonda%2520Civic%26tipoveiculo%3Dcarros%26estadocidade%3DS%25C3%25A3o%2520Paulo%26marca1%3Dhonda%26modelo1%3Dcivic%26page%3D1 response_code=403 return_code=ok total_time=0.476461
ETHON: Libcurl initialized
ETHON: performed EASY effective_url=https://www.webmotors.com.br/api/search/car?actualPage=1&displayPerPage=47&showCount=true&showMenu=true&url=https%3A%2F%2Fwww.webmotors.com.br%2Fcarros%2Fsp%3Fautocomplete%3Dhonda%26autocompleteTerm%3DHonda%2520Civic%26tipoveiculo%3Dcarros%26estadocidade%3DS%25C3%25A3o%2520Paulo%26marca1%3Dhonda%26modelo1%3Dcivic%26page%3D1 response_code=403 return_code=ok total_time=0.704342
ETHON: Libcurl initialized
ETHON: performed EASY effective_url=https://www.webmotors.com.br/api/search/car?actualPage=1&displayPerPage=47&showCount=true&showMenu=true&url=https%3A%2F%2Fwww.webmotors.com.br%2Fcarros%2Fsp%3Fautocomplete%3Dhonda%26autocompleteTerm%3DHonda%2520Civic%26tipoveiculo%3Dcarros%26estadocidade%3DS%25C3%25A3o%2520Paulo%26marca1%3Dhonda%26modelo1%3Dcivic%26page%3D1 response_code=403 return_code=ok total_time=0.520218
ETHON: Libcurl initialized
ETHON: performed EASY effective_url=https://www.webmotors.com.br/api/search/car?actualPage=1&displayPerPage=47&showCount=true&showMenu=true&url=https%3A%2F%2Fwww.webmotors.com.br%2Fcarros%2Fsp%3Fautocomplete%3Dhonda%26autocompleteTerm%3DHonda%2520Civic%26tipoveiculo%3Dcarros%26estadocidade%3DS%25C3%25A3o%2520Paulo%26marca1%3Dhonda%26modelo1%3Dcivic%26page%3D1 response_code=403 return_code=ok total_time=0.503148
ETHON: Libcurl initialized
ETHON: performed EASY effective_url=https://www.webmotors.com.br/api/search/car?actualPage=1&displayPerPage=47&showCount=true&showMenu=true&url=https%3A%2F%2Fwww.webmotors.com.br%2Fcarros%2Fsp%3Fautocomplete%3Dhonda%26autocompleteTerm%3DHonda%2520Civic%26tipoveiculo%3Dcarros%26estadocidade%3DS%25C3%25A3o%2520Paulo%26marca1%3Dhonda%26modelo1%3Dcivic%26page%3D1 response_code=403 return_code=ok total_time=0.556026
ETHON: Libcurl initialized
ETHON: performed EASY effective_url=https://www.webmotors.com.br/api/search/car?actualPage=1&displayPerPage=47&showCount=true&showMenu=true&url=https%3A%2F%2Fwww.webmotors.com.br%2Fcarros%2Fsp%3Fautocomplete%3Dhonda%26autocompleteTerm%3DHonda%2520Civic%26tipoveiculo%3Dcarros%26estadocidade%3DS%25C3%25A3o%2520Paulo%26marca1%3Dhonda%26modelo1%3Dcivic%26page%3D1 response_code=403 return_code=ok total_time=0.506578
ETHON: Libcurl initialized
ETHON: performed EASY effective_url=https://www.webmotors.com.br/api/search/car?actualPage=1&displayPerPage=47&showCount=true&showMenu=true&url=https%3A%2F%2Fwww.webmotors.com.br%2Fcarros%2Fsp%3Fautocomplete%3Dhonda%26autocompleteTerm%3DHonda%2520Civic%26tipoveiculo%3Dcarros%26estadocidade%3DS%25C3%25A3o%2520Paulo%26marca1%3Dhonda%26modelo1%3Dcivic%26page%3D1 response_code=403 return_code=ok total_time=0.468181
  [1m[35m (191.3ms)[0m  [1m[35mCREATE DATABASE "manager_db" ENCODING = 'unicode'[0m
  [1m[35m (19.6ms)[0m  [1m[35mCREATE TABLE "schema_migrations" ("version" character varying NOT NULL PRIMARY KEY)[0m
  [1m[35m (17.0ms)[0m  [1m[35mCREATE TABLE "ar_internal_metadata" ("key" character varying NOT NULL PRIMARY KEY, "value" character varying, "created_at" timestamp(6) NOT NULL, "updated_at" timestamp(6) NOT NULL)[0m
  [1m[35m (0.3ms)[0m  [1m[34mSELECT pg_try_advisory_lock(1273077628727038575)[0m
  [1m[36mActiveRecord::SchemaMigration Load (0.8ms)[0m  [1m[34mSELECT "schema_migrations"."version" FROM "schema_migrations" ORDER BY "schema_migrations"."version" ASC[0m
  [1m[36mActiveRecord::InternalMetadata Load (1.0ms)[0m  [1m[34mSELECT * FROM "ar_internal_metadata" WHERE "ar_internal_metadata"."key" = $1 ORDER BY "ar_internal_metadata"."key" ASC LIMIT 1[0m  [[nil, "environment"]]
  [1m[36mActiveRecord::InternalMetadata Create (3.6ms)[0m  [1m[32mINSERT INTO "ar_internal_metadata" ("key", "value", "created_at", "updated_at") VALUES ('environment', 'development', '2026-02-22 17:42:00.087710', '2026-02-22 17:42:00.087715') RETURNING "key"[0m
Migrating to CreateTasks (20260222173706)
  [1m[36mTRANSACTION (0.4ms)[0m  [1m[35mBEGIN[0m
  [1m[35m (16.5ms)[0m  [1m[35mCREATE TABLE "tasks" ("id" bigserial primary key, "title" character varying, "status" character varying DEFAULT 'pending', "url" character varying, "result" jsonb, "error_message" text, "concluded_at" timestamp(6), "created_at" timestamp(6) NOT NULL, "updated_at" timestamp(6) NOT NULL)[0m
  [1m[36mActiveRecord::SchemaMigration Create (0.8ms)[0m  [1m[32mINSERT INTO "schema_migrations" ("version") VALUES ('20260222173706') RETURNING "version"[0m
  [1m[36mTRANSACTION (3.9ms)[0m  [1m[35mCOMMIT[0m
  [1m[35m (0.5ms)[0m  [1m[34mSELECT pg_advisory_unlock(1273077628727038575)[0m
  [1m[36mActiveRecord::SchemaMigration Load (0.3ms)[0m  [1m[34mSELECT "schema_migrations"."version" FROM "schema_migrations" ORDER BY "schema_migrations"."version" ASC[0m
  [1m[35m (156.8ms)[0m  [1m[35mCREATE DATABASE "manager_db" ENCODING = 'unicode'[0m
  [1m[35mSQL (0.4ms)[0m  [1m[35mCREATE EXTENSION IF NOT EXISTS "plpgsql"[0m
  [1m[35m (0.3ms)[0m  [1m[35mDROP TABLE IF EXISTS "tasks" CASCADE[0m
  [1m[35m (19.1ms)[0m  [1m[35mCREATE TABLE "tasks" ("id" bigserial primary key, "title" character varying, "status" character varying DEFAULT 'pending', "url" character varying, "result" jsonb, "error_message" text, "concluded_at" timestamp(6), "created_at" timestamp(6) NOT NULL, "updated_at" timestamp(6) NOT NULL)[0m
  [1m[35m (16.4ms)[0m  [1m[35mCREATE TABLE "schema_migrations" ("version" character varying NOT NULL PRIMARY KEY)[0m
  [1m[36mActiveRecord::SchemaMigration Load (0.7ms)[0m  [1m[34mSELECT "schema_migrations"."version" FROM "schema_migrations" ORDER BY "schema_migrations"."version" ASC[0m
  [1m[35m (3.3ms)[0m  [1m[32mINSERT INTO "schema_migrations" (version) VALUES (20260222173706)[0m
  [1m[35m (16.0ms)[0m  [1m[35mCREATE TABLE "ar_internal_metadata" ("key" character varying NOT NULL PRIMARY KEY, "value" character varying, "created_at" timestamp(6) NOT NULL, "updated_at" timestamp(6) NOT NULL)[0m
  [1m[36mActiveRecord::InternalMetadata Load (0.8ms)[0m  [1m[34mSELECT * FROM "ar_internal_metadata" WHERE "ar_internal_metadata"."key" = $1 ORDER BY "ar_internal_metadata"."key" ASC LIMIT 1[0m  [[nil, "environment"]]
  [1m[36mActiveRecord::InternalMetadata Create (3.4ms)[0m  [1m[32mINSERT INTO "ar_internal_metadata" ("key", "value", "created_at", "updated_at") VALUES ('environment', 'development', '2026-02-22 17:43:50.703237', '2026-02-22 17:43:50.703242') RETURNING "key"[0m
  [1m[36mActiveRecord::InternalMetadata Load (0.4ms)[0m  [1m[34mSELECT * FROM "ar_internal_metadata" WHERE "ar_internal_metadata"."key" = $1 ORDER BY "ar_internal_metadata"."key" ASC LIMIT 1[0m  [[nil, "environment"]]
  [1m[36mActiveRecord::InternalMetadata Load (0.3ms)[0m  [1m[34mSELECT * FROM "ar_internal_metadata" WHERE "ar_internal_metadata"."key" = $1 ORDER BY "ar_internal_metadata"."key" ASC LIMIT 1[0m  [[nil, "schema_sha1"]]
  [1m[36mActiveRecord::InternalMetadata Create (3.1ms)[0m  [1m[32mINSERT INTO "ar_internal_metadata" ("key", "value", "created_at", "updated_at") VALUES ('schema_sha1', 'a2afcd5146c599d19996989f1ff07a8179e854e1', '2026-02-22 17:43:50.710871', '2026-02-22 17:43:50.710874') RETURNING "key"[0m
  [1m[36mActiveRecord::SchemaMigration Load (0.4ms)[0m  [1m[34mSELECT "schema_migrations"."version" FROM "schema_migrations" ORDER BY "schema_migrations"."version" ASC[0m
  [1m[35m (128.9ms)[0m  [1m[35mCREATE DATABASE "manager_db" ENCODING = 'unicode'[0m
  [1m[35m (21.7ms)[0m  [1m[35mCREATE TABLE "schema_migrations" ("version" character varying NOT NULL PRIMARY KEY)[0m
  [1m[35m (18.7ms)[0m  [1m[35mCREATE TABLE "ar_internal_metadata" ("key" character varying NOT NULL PRIMARY KEY, "value" character varying, "created_at" timestamp(6) NOT NULL, "updated_at" timestamp(6) NOT NULL)[0m
  [1m[35m (0.5ms)[0m  [1m[34mSELECT pg_try_advisory_lock(1273077628727038575)[0m
  [1m[36mActiveRecord::SchemaMigration Load (0.8ms)[0m  [1m[34mSELECT "schema_migrations"."version" FROM "schema_migrations" ORDER BY "schema_migrations"."version" ASC[0m
  [1m[36mActiveRecord::InternalMetadata Load (0.9ms)[0m  [1m[34mSELECT * FROM "ar_internal_metadata" WHERE "ar_internal_metadata"."key" = $1 ORDER BY "ar_internal_metadata"."key" ASC LIMIT 1[0m  [[nil, "environment"]]
  [1m[36mActiveRecord::InternalMetadata Create (3.9ms)[0m  [1m[32mINSERT INTO "ar_internal_metadata" ("key", "value", "created_at", "updated_at") VALUES ('environment', 'development', '2026-02-22 17:48:24.985900', '2026-02-22 17:48:24.985906') RETURNING "key"[0m
Migrating to CreateTasks (20260222173706)
  [1m[36mTRANSACTION (0.4ms)[0m  [1m[35mBEGIN[0m
  [1m[35m (17.6ms)[0m  [1m[35mCREATE TABLE "tasks" ("id" bigserial primary key, "title" character varying, "status" character varying DEFAULT 'pending', "url" character varying, "result" jsonb, "error_message" text, "concluded_at" timestamp(6), "created_at" timestamp(6) NOT NULL, "updated_at" timestamp(6) NOT NULL)[0m
  [1m[36mActiveRecord::SchemaMigration Create (1.0ms)[0m  [1m[32mINSERT INTO "schema_migrations" ("version") VALUES ('20260222173706') RETURNING "version"[0m
  [1m[36mTRANSACTION (4.5ms)[0m  [1m[35mCOMMIT[0m
  [1m[35m (0.4ms)[0m  [1m[34mSELECT pg_advisory_unlock(1273077628727038575)[0m
  [1m[36mActiveRecord::SchemaMigration Load (0.3ms)[0m  [1m[34mSELECT "schema_migrations"."version" FROM "schema_migrations" ORDER BY "schema_migrations"."version" ASC[0m
  [1m[36mTRANSACTION (0.5ms)[0m  [1m[35mBEGIN[0m
  [1m[36mTask Create (2.4ms)[0m  [1m[32mINSERT INTO "tasks" ("title", "status", "url", "result", "error_message", "concluded_at", "created_at", "updated_at") VALUES ($1, $2, $3, $4, $5, $6, $7, $8) RETURNING "id"[0m  [["title", "BMW X2 - Pendente"], ["status", "pending"], ["url", "https://www.webmotors.com.br/comprar/bmw/x2/20-turbo-gasolina-xdrive-m35i-steptronic/4-portas/2025-2026/65066397"], ["result", nil], ["error_message", nil], ["concluded_at", nil], ["created_at", "2026-02-22 17:49:05.223179"], ["updated_at", "2026-02-22 17:49:05.223179"]]
  [1m[36mTRANSACTION (3.1ms)[0m  [1m[35mCOMMIT[0m
  [1m[36mTask Load (0.4ms)[0m  [1m[34mSELECT "tasks".* FROM "tasks" WHERE "tasks"."id" = $1 LIMIT $2[0m  [["id", 1], ["LIMIT", 1]]
  [1m[36mTRANSACTION (0.5ms)[0m  [1m[35mBEGIN[0m
  [1m[36mTask Update (2.2ms)[0m  [1m[33mUPDATE "tasks" SET "status" = $1, "error_message" = $2, "updated_at" = $3 WHERE "tasks"."id" = $4[0m  [["status", "failed"], ["error_message", "Não conseguiu vencer o Captcha após tentativas."], ["updated_at", "2026-02-22 17:50:19.643818"], ["id", 1]]
  [1m[36mTRANSACTION (198.2ms)[0m  [1m[35mCOMMIT[0m
  [1m[36mTask Load (0.5ms)[0m  [1m[34mSELECT "tasks".* FROM "tasks" WHERE "tasks"."id" = $1 LIMIT $2[0m  [["id", 1], ["LIMIT", 1]]
  [1m[36mTRANSACTION (0.3ms)[0m  [1m[35mBEGIN[0m
  [1m[36mTask Create (1.7ms)[0m  [1m[32mINSERT INTO "tasks" ("title", "status", "url", "result", "error_message", "concluded_at", "created_at", "updated_at") VALUES ($1, $2, $3, $4, $5, $6, $7, $8) RETURNING "id"[0m  [["title", "BMW X2 - Pendente"], ["status", "pending"], ["url", "https://www.webmotors.com.br/comprar/bmw/x2/20-turbo-gasolina-xdrive-m35i-steptronic/4-portas/2025-2026/65066397"], ["result", nil], ["error_message", nil], ["concluded_at", nil], ["created_at", "2026-02-22 17:52:13.247282"], ["updated_at", "2026-02-22 17:52:13.247282"]]
  [1m[36mTRANSACTION (514.9ms)[0m  [1m[35mCOMMIT[0m
  [1m[36mTask Load (0.4ms)[0m  [1m[34mSELECT "tasks".* FROM "tasks" WHERE "tasks"."id" = $1 LIMIT $2[0m  [["id", 2], ["LIMIT", 1]]
  [1m[36mTRANSACTION (0.4ms)[0m  [1m[35mBEGIN[0m
  [1m[36mTask Create (3.0ms)[0m  [1m[32mINSERT INTO "tasks" ("title", "status", "url", "result", "error_message", "concluded_at", "created_at", "updated_at") VALUES ($1, $2, $3, $4, $5, $6, $7, $8) RETURNING "id"[0m  [["title", "BMW X2 - Pendente"], ["status", "pending"], ["url", "https://www.webmotors.com.br/comprar/bmw/x2/20-turbo-gasolina-xdrive-m35i-steptronic/4-portas/2025-2026/65066397"], ["result", nil], ["error_message", nil], ["concluded_at", nil], ["created_at", "2026-02-22 17:55:55.061978"], ["updated_at", "2026-02-22 17:55:55.061978"]]
  [1m[36mTRANSACTION (3.4ms)[0m  [1m[35mCOMMIT[0m
  [1m[36mTask Load (0.5ms)[0m  [1m[34mSELECT "tasks".* FROM "tasks" WHERE "tasks"."id" = $1 LIMIT $2[0m  [["id", 3], ["LIMIT", 1]]
  [1m[36mTRANSACTION (0.3ms)[0m  [1m[35mBEGIN[0m
  [1m[36mTask Create (1.6ms)[0m  [1m[32mINSERT INTO "tasks" ("title", "status", "url", "result", "error_message", "concluded_at", "created_at", "updated_at") VALUES ($1, $2, $3, $4, $5, $6, $7, $8) RETURNING "id"[0m  [["title", "BMW X2 - Pendente"], ["status", "pending"], ["url", "https://www.webmotors.com.br/comprar/bmw/x2/20-turbo-gasolina-xdrive-m35i-steptronic/4-portas/2025-2026/65066397"], ["result", nil], ["error_message", nil], ["concluded_at", nil], ["created_at", "2026-02-22 17:56:50.721184"], ["updated_at", "2026-02-22 17:56:50.721184"]]
  [1m[36mTRANSACTION (3.3ms)[0m  [1m[35mCOMMIT[0m
  [1m[36mTask Load (0.4ms)[0m  [1m[34mSELECT "tasks".* FROM "tasks" WHERE "tasks"."id" = $1 LIMIT $2[0m  [["id", 4], ["LIMIT", 1]]
  [1m[36mTRANSACTION (0.4ms)[0m  [1m[35mBEGIN[0m
  [1m[36mTask Create (1.7ms)[0m  [1m[32mINSERT INTO "tasks" ("title", "status", "url", "result", "error_message", "concluded_at", "created_at", "updated_at") VALUES ($1, $2, $3, $4, $5, $6, $7, $8) RETURNING "id"[0m  [["title", "BMW X2 - Pendente"], ["status", "pending"], ["url", "https://www.webmotors.com.br/comprar/bmw/x2/20-turbo-gasolina-xdrive-m35i-steptronic/4-portas/2025-2026/65066397"], ["result", nil], ["error_message", nil], ["concluded_at", nil], ["created_at", "2026-02-22 17:57:55.228599"], ["updated_at", "2026-02-22 17:57:55.228599"]]
  [1m[36mTRANSACTION (4.1ms)[0m  [1m[35mCOMMIT[0m
  [1m[36mTask Load (0.4ms)[0m  [1m[34mSELECT "tasks".* FROM "tasks" WHERE "tasks"."id" = $1 LIMIT $2[0m  [["id", 5], ["LIMIT", 1]]
  [1m[36mTRANSACTION (0.4ms)[0m  [1m[35mBEGIN[0m
  [1m[36mTask Create (1.8ms)[0m  [1m[32mINSERT INTO "tasks" ("title", "status", "url", "result", "error_message", "concluded_at", "created_at", "updated_at") VALUES ($1, $2, $3, $4, $5, $6, $7, $8) RETURNING "id"[0m  [["title", "BMW X2 - Pendente"], ["status", "pending"], ["url", "https://www.webmotors.com.br/comprar/bmw/x2/20-turbo-gasolina-xdrive-m35i-steptronic/4-portas/2025-2026/65066397"], ["result", nil], ["error_message", nil], ["concluded_at", nil], ["created_at", "2026-02-22 17:58:25.863902"], ["updated_at", "2026-02-22 17:58:25.863902"]]
  [1m[36mTRANSACTION (3.6ms)[0m  [1m[35mCOMMIT[0m
  [1m[36mTask Load (0.5ms)[0m  [1m[34mSELECT "tasks".* FROM "tasks" WHERE "tasks"."id" = $1 LIMIT $2[0m  [["id", 6], ["LIMIT", 1]]
  [1m[36mTRANSACTION (0.4ms)[0m  [1m[35mBEGIN[0m
  [1m[36mTask Update (1.4ms)[0m  [1m[33mUPDATE "tasks" SET "status" = $1, "updated_at" = $2 WHERE "tasks"."id" = $3[0m  [["status", "processing"], ["updated_at", "2026-02-22 17:58:52.070644"], ["id", 6]]
  [1m[36mTRANSACTION (3.3ms)[0m  [1m[35mCOMMIT[0m
  [1m[36mTRANSACTION (0.4ms)[0m  [1m[35mBEGIN[0m
  [1m[36mTask Update (1.6ms)[0m  [1m[33mUPDATE "tasks" SET "status" = $1, "error_message" = $2, "updated_at" = $3 WHERE "tasks"."id" = $4[0m  [["status", "failed"], ["error_message", "Error: strict mode violation: locator('h1') resolved to 6 elements:\n    1) <h1 id=\"VehicleBasicInformationTitle\" class=\"Vehicle…>…</h1> aka getByRole('heading', { name: 'BMW X2 2.0 TURBO GASOLINA' })\n    2) <h1 class=\"sc-cIShpX eXKuue\">Informe os seus dados para agendar a videochamada</h1> aka getByText('Informe os seus dados para')\n    3) <h1 class=\"sc-RefOD dVMZEv\">Agendado</h1> aka getByText('Agendado')\n    4) <h1>Simule seu financiamento sem compromisso!</h1> aka getByTestId('simulation-form').getByText('Simule seu financiamento sem')\n    5) <h1 data-qa=\"financing_modal_msg_DA_desktop\">Continue para ver as parcelas.</h1> aka getByText('Continue para ver as parcelas.')\n    6) <h1 class=\"sc-csuQGl sWUsX\">Olá, para ver o telefone é preciso estar logado!</h1> aka getByText('Olá, para ver o telefone é')\n\nCall log:\nwaiting for locator('h1')\n"], ["updated_at", "2026-02-22 17:58:52.220999"], ["id", 6]]
  [1m[36mTRANSACTION (4.4ms)[0m  [1m[35mCOMMIT[0m
  [1m[36mTask Load (0.6ms)[0m  [1m[34mSELECT "tasks".* FROM "tasks" WHERE "tasks"."id" = $1 LIMIT $2[0m  [["id", 6], ["LIMIT", 1]]
  [1m[36mTRANSACTION (0.3ms)[0m  [1m[35mBEGIN[0m
  ↳ app/workers/scrape_vehicles_worker.rb:5:in `perform'
  [1m[36mTask Create (2.4ms)[0m  [1m[32mINSERT INTO "tasks" ("title", "status", "url", "result", "error_message", "concluded_at", "created_at", "updated_at") VALUES ($1, $2, $3, $4, $5, $6, $7, $8) RETURNING "id"[0m  [["title", "BMW X2 - Pendente"], ["status", "pending"], ["url", "https://www.webmotors.com.br/comprar/bmw/x2/20-turbo-gasolina-xdrive-m35i-steptronic/4-portas/2025-2026/65066397"], ["result", nil], ["error_message", nil], ["concluded_at", nil], ["created_at", "2026-02-22 18:05:22.676502"], ["updated_at", "2026-02-22 18:05:22.676502"]]
  ↳ app/workers/scrape_vehicles_worker.rb:5:in `perform'
  [1m[36mTRANSACTION (3.4ms)[0m  [1m[35mCOMMIT[0m
  ↳ app/workers/scrape_vehicles_worker.rb:5:in `perform'
  [1m[36mTask Load (0.4ms)[0m  [1m[34mSELECT "tasks".* FROM "tasks" WHERE "tasks"."id" = $1 LIMIT $2[0m  [["id", 7], ["LIMIT", 1]]
  ↳ app/services/webmotors_captcha_solver.rb:4:in `run'
  [1m[36mTRANSACTION (0.4ms)[0m  [1m[35mBEGIN[0m
  ↳ app/services/webmotors_scraper.rb:3:in `call'
  [1m[36mTask Update (2.2ms)[0m  [1m[33mUPDATE "tasks" SET "status" = $1, "updated_at" = $2 WHERE "tasks"."id" = $3[0m  [["status", "processing"], ["updated_at", "2026-02-22 18:05:41.110060"], ["id", 7]]
  ↳ app/services/webmotors_scraper.rb:3:in `call'
  [1m[36mTRANSACTION (4.0ms)[0m  [1m[35mCOMMIT[0m
  ↳ app/services/webmotors_scraper.rb:3:in `call'
  [1m[36mTRANSACTION (0.4ms)[0m  [1m[35mBEGIN[0m
  ↳ app/services/webmotors_scraper.rb:32:in `rescue in call'
  [1m[36mTask Update (2.0ms)[0m  [1m[33mUPDATE "tasks" SET "status" = $1, "error_message" = $2, "updated_at" = $3 WHERE "tasks"."id" = $4[0m  [["status", "failed"], ["error_message", "Error: strict mode violation: locator('h1') resolved to 6 elements:\n    1) <h1 id=\"VehicleBasicInformationTitle\" class=\"Vehicle…>…</h1> aka getByRole('heading', { name: 'BMW X2 2.0 TURBO GASOLINA' })\n    2) <h1 class=\"sc-cIShpX eXKuue\">Informe os seus dados para agendar a videochamada</h1> aka getByText('Informe os seus dados para')\n    3) <h1 class=\"sc-RefOD dVMZEv\">Agendado</h1> aka getByText('Agendado')\n    4) <h1>Simule seu financiamento sem compromisso!</h1> aka getByTestId('simulation-form').getByText('Simule seu financiamento sem')\n    5) <h1 data-qa=\"financing_modal_msg_DA_desktop\">Continue para ver as parcelas.</h1> aka getByText('Continue para ver as parcelas.')\n    6) <h1 class=\"sc-csuQGl sWUsX\">Olá, para ver o telefone é preciso estar logado!</h1> aka getByText('Olá, para ver o telefone é')\n\nCall log:\nwaiting for locator('h1')\n"], ["updated_at", "2026-02-22 18:05:41.232025"], ["id", 7]]
  ↳ app/services/webmotors_scraper.rb:32:in `rescue in call'
  [1m[36mTRANSACTION (3.3ms)[0m  [1m[35mCOMMIT[0m
  ↳ app/services/webmotors_scraper.rb:32:in `rescue in call'
  [1m[36mTask Load (0.5ms)[0m  [1m[34mSELECT "tasks".* FROM "tasks" WHERE "tasks"."id" = $1 LIMIT $2[0m  [["id", 7], ["LIMIT", 1]]
  ↳ app/workers/scrape_vehicles_worker.rb:11:in `perform'
  [1m[36mTRANSACTION (0.4ms)[0m  [1m[35mBEGIN[0m
  ↳ app/workers/scrape_vehicles_worker.rb:5:in `perform'
  [1m[36mTask Create (2.9ms)[0m  [1m[32mINSERT INTO "tasks" ("title", "status", "url", "result", "error_message", "concluded_at", "created_at", "updated_at") VALUES ($1, $2, $3, $4, $5, $6, $7, $8) RETURNING "id"[0m  [["title", "BMW X2 - Pendente"], ["status", "pending"], ["url", "https://www.webmotors.com.br/comprar/bmw/x2/20-turbo-gasolina-xdrive-m35i-steptronic/4-portas/2025-2026/65066397"], ["result", nil], ["error_message", nil], ["concluded_at", nil], ["created_at", "2026-02-22 18:06:56.987470"], ["updated_at", "2026-02-22 18:06:56.987470"]]
  ↳ app/workers/scrape_vehicles_worker.rb:5:in `perform'
  [1m[36mTRANSACTION (250.5ms)[0m  [1m[35mCOMMIT[0m
  ↳ app/workers/scrape_vehicles_worker.rb:5:in `perform'
  [1m[36mTask Load (0.6ms)[0m  [1m[34mSELECT "tasks".* FROM "tasks" WHERE "tasks"."id" = $1 LIMIT $2[0m  [["id", 8], ["LIMIT", 1]]
  ↳ app/services/webmotors_captcha_solver.rb:4:in `run'
  [1m[36mTRANSACTION (0.4ms)[0m  [1m[35mBEGIN[0m
  ↳ app/services/webmotors_scraper.rb:3:in `call'
  [1m[36mTask Update (2.0ms)[0m  [1m[33mUPDATE "tasks" SET "status" = $1, "updated_at" = $2 WHERE "tasks"."id" = $3[0m  [["status", "processing"], ["updated_at", "2026-02-22 18:07:22.232074"], ["id", 8]]
  ↳ app/services/webmotors_scraper.rb:3:in `call'
  [1m[36mTRANSACTION (3.0ms)[0m  [1m[35mCOMMIT[0m
  ↳ app/services/webmotors_scraper.rb:3:in `call'
  [1m[36mTRANSACTION (0.5ms)[0m  [1m[35mBEGIN[0m
  ↳ app/services/webmotors_scraper.rb:32:in `rescue in call'
  [1m[36mTask Update (2.9ms)[0m  [1m[33mUPDATE "tasks" SET "status" = $1, "error_message" = $2, "updated_at" = $3 WHERE "tasks"."id" = $4[0m  [["status", "failed"], ["error_message", "send_message failed"], ["updated_at", "2026-02-22 18:12:26.524681"], ["id", 8]]
  ↳ app/services/webmotors_scraper.rb:32:in `rescue in call'
  [1m[36mTRANSACTION (4.2ms)[0m  [1m[35mCOMMIT[0m
  ↳ app/services/webmotors_scraper.rb:32:in `rescue in call'
  [1m[36mTask Load (0.5ms)[0m  [1m[34mSELECT "tasks".* FROM "tasks" WHERE "tasks"."id" = $1 LIMIT $2[0m  [["id", 8], ["LIMIT", 1]]
  ↳ app/services/webmotors_captcha_solver.rb:76:in `rescue in run'
  [1m[36mTRANSACTION (0.3ms)[0m  [1m[35mBEGIN[0m
  ↳ app/services/webmotors_captcha_solver.rb:76:in `rescue in run'
  [1m[36mTask Update (1.7ms)[0m  [1m[33mUPDATE "tasks" SET "error_message" = $1, "updated_at" = $2 WHERE "tasks"."id" = $3[0m  [["error_message", "closed stream"], ["updated_at", "2026-02-22 18:12:26.537893"], ["id", 8]]
  ↳ app/services/webmotors_captcha_solver.rb:76:in `rescue in run'
  [1m[36mTRANSACTION (3.4ms)[0m  [1m[35mCOMMIT[0m
  ↳ app/services/webmotors_captcha_solver.rb:76:in `rescue in run'
  [1m[36mTask Load (0.8ms)[0m  [1m[34mSELECT "tasks".* FROM "tasks" WHERE "tasks"."id" = $1 LIMIT $2[0m  [["id", 8], ["LIMIT", 1]]
  ↳ app/workers/scrape_vehicles_worker.rb:11:in `perform'
  [1m[36mTRANSACTION (0.2ms)[0m  [1m[35mBEGIN[0m
  ↳ app/workers/scrape_vehicles_worker.rb:5:in `perform'
  [1m[36mTask Create (1.9ms)[0m  [1m[32mINSERT INTO "tasks" ("title", "status", "url", "result", "error_message", "concluded_at", "created_at", "updated_at") VALUES ($1, $2, $3, $4, $5, $6, $7, $8) RETURNING "id"[0m  [["title", "BMW X2 - Pendente"], ["status", "pending"], ["url", "https://www.webmotors.com.br/comprar/bmw/x2/20-turbo-gasolina-xdrive-m35i-steptronic/4-portas/2025-2026/65066397"], ["result", nil], ["error_message", nil], ["concluded_at", nil], ["created_at", "2026-02-22 18:15:14.841962"], ["updated_at", "2026-02-22 18:15:14.841962"]]
  ↳ app/workers/scrape_vehicles_worker.rb:5:in `perform'
  [1m[36mTRANSACTION (3.2ms)[0m  [1m[35mCOMMIT[0m
  ↳ app/workers/scrape_vehicles_worker.rb:5:in `perform'
  [1m[36mTask Load (0.4ms)[0m  [1m[34mSELECT "tasks".* FROM "tasks" WHERE "tasks"."id" = $1 LIMIT $2[0m  [["id", 9], ["LIMIT", 1]]
  ↳ app/services/webmotors_captcha_solver.rb:4:in `run'
  [1m[36mTRANSACTION (0.4ms)[0m  [1m[35mBEGIN[0m
  ↳ app/services/webmotors_captcha_solver.rb:61:in `rescue in block in run'
  [1m[36mTask Update (3.5ms)[0m  [1m[33mUPDATE "tasks" SET "status" = $1, "error_message" = $2, "updated_at" = $3 WHERE "tasks"."id" = $4[0m  [["status", "failed"], ["error_message", "Não conseguiu vencer o Captcha após tentativas."], ["updated_at", "2026-02-22 18:15:55.639755"], ["id", 9]]
  ↳ app/services/webmotors_captcha_solver.rb:61:in `rescue in block in run'
  [1m[36mTRANSACTION (3.9ms)[0m  [1m[35mCOMMIT[0m
  ↳ app/services/webmotors_captcha_solver.rb:61:in `rescue in block in run'
  [1m[36mTask Load (0.9ms)[0m  [1m[34mSELECT "tasks".* FROM "tasks" WHERE "tasks"."id" = $1 LIMIT $2[0m  [["id", 9], ["LIMIT", 1]]
  ↳ app/workers/scrape_vehicles_worker.rb:11:in `perform'
  [1m[36mTRANSACTION (0.3ms)[0m  [1m[35mBEGIN[0m
  ↳ app/workers/scrape_vehicles_worker.rb:5:in `perform'
  [1m[36mTask Create (1.9ms)[0m  [1m[32mINSERT INTO "tasks" ("title", "status", "url", "result", "error_message", "concluded_at", "created_at", "updated_at") VALUES ($1, $2, $3, $4, $5, $6, $7, $8) RETURNING "id"[0m  [["title", "BMW X2 - Pendente"], ["status", "pending"], ["url", "https://www.webmotors.com.br/comprar/bmw/x2/20-turbo-gasolina-xdrive-m35i-steptronic/4-portas/2025-2026/65066397"], ["result", nil], ["error_message", nil], ["concluded_at", nil], ["created_at", "2026-02-22 18:17:29.709674"], ["updated_at", "2026-02-22 18:17:29.709674"]]
  ↳ app/workers/scrape_vehicles_worker.rb:5:in `perform'
  [1m[36mTRANSACTION (3.0ms)[0m  [1m[35mCOMMIT[0m
  ↳ app/workers/scrape_vehicles_worker.rb:5:in `perform'
  [1m[36mTask Load (0.6ms)[0m  [1m[34mSELECT "tasks".* FROM "tasks" WHERE "tasks"."id" = $1 LIMIT $2[0m  [["id", 10], ["LIMIT", 1]]
  ↳ app/services/webmotors_captcha_solver.rb:4:in `run'
  [1m[36mTRANSACTION (0.3ms)[0m  [1m[35mBEGIN[0m
  ↳ app/services/webmotors_scraper.rb:3:in `call'
  [1m[36mTask Update (2.1ms)[0m  [1m[33mUPDATE "tasks" SET "status" = $1, "updated_at" = $2 WHERE "tasks"."id" = $3[0m  [["status", "processing"], ["updated_at", "2026-02-22 18:17:52.159859"], ["id", 10]]
  ↳ app/services/webmotors_scraper.rb:3:in `call'
  [1m[36mTRANSACTION (4.0ms)[0m  [1m[35mCOMMIT[0m
  ↳ app/services/webmotors_scraper.rb:3:in `call'
  [1m[36mTRANSACTION (1.6ms)[0m  [1m[35mBEGIN[0m
  ↳ app/services/webmotors_scraper.rb:32:in `rescue in call'
  [1m[36mTask Update (7.6ms)[0m  [1m[33mUPDATE "tasks" SET "status" = $1, "error_message" = $2, "updated_at" = $3 WHERE "tasks"."id" = $4[0m  [["status", "failed"], ["error_message", "send_message failed"], ["updated_at", "2026-02-22 18:22:54.441302"], ["id", 10]]
  ↳ app/services/webmotors_scraper.rb:32:in `rescue in call'
  [1m[36mTRANSACTION (4.0ms)[0m  [1m[35mCOMMIT[0m
  ↳ app/services/webmotors_scraper.rb:32:in `rescue in call'
  [1m[36mTask Load (1.4ms)[0m  [1m[34mSELECT "tasks".* FROM "tasks" WHERE "tasks"."id" = $1 LIMIT $2[0m  [["id", 10], ["LIMIT", 1]]
  ↳ app/services/webmotors_captcha_solver.rb:71:in `rescue in run'
  [1m[36mTRANSACTION (0.4ms)[0m  [1m[35mBEGIN[0m
  ↳ app/services/webmotors_captcha_solver.rb:71:in `rescue in run'
  [1m[36mTask Update (2.1ms)[0m  [1m[33mUPDATE "tasks" SET "error_message" = $1, "updated_at" = $2 WHERE "tasks"."id" = $3[0m  [["error_message", "closed stream"], ["updated_at", "2026-02-22 18:22:54.467343"], ["id", 10]]
  ↳ app/services/webmotors_captcha_solver.rb:71:in `rescue in run'
  [1m[36mTRANSACTION (3.6ms)[0m  [1m[35mCOMMIT[0m
  ↳ app/services/webmotors_captcha_solver.rb:71:in `rescue in run'
  [1m[36mTask Load (0.9ms)[0m  [1m[34mSELECT "tasks".* FROM "tasks" WHERE "tasks"."id" = $1 LIMIT $2[0m  [["id", 10], ["LIMIT", 1]]
  ↳ app/workers/scrape_vehicles_worker.rb:11:in `perform'
  [1m[36mTRANSACTION (0.3ms)[0m  [1m[35mBEGIN[0m
  ↳ app/workers/scrape_vehicles_worker.rb:5:in `perform'
  [1m[36mTask Create (2.6ms)[0m  [1m[32mINSERT INTO "tasks" ("title", "status", "url", "result", "error_message", "concluded_at", "created_at", "updated_at") VALUES ($1, $2, $3, $4, $5, $6, $7, $8) RETURNING "id"[0m  [["title", "BMW X2 - Pendente"], ["status", "pending"], ["url", "https://www.webmotors.com.br/comprar/bmw/x2/20-turbo-gasolina-xdrive-m35i-steptronic/4-portas/2025-2026/65066397"], ["result", nil], ["error_message", nil], ["concluded_at", nil], ["created_at", "2026-02-22 18:30:38.667816"], ["updated_at", "2026-02-22 18:30:38.667816"]]
  ↳ app/workers/scrape_vehicles_worker.rb:5:in `perform'
  [1m[36mTRANSACTION (3.5ms)[0m  [1m[35mCOMMIT[0m
  ↳ app/workers/scrape_vehicles_worker.rb:5:in `perform'
  [1m[36mTask Load (0.4ms)[0m  [1m[34mSELECT "tasks".* FROM "tasks" WHERE "tasks"."id" = $1 LIMIT $2[0m  [["id", 11], ["LIMIT", 1]]
  ↳ app/services/webmotors_captcha_solver.rb:4:in `run'
  [1m[36mTRANSACTION (0.4ms)[0m  [1m[35mBEGIN[0m
  ↳ app/services/webmotors_scraper.rb:3:in `call'
  [1m[36mTask Update (2.5ms)[0m  [1m[33mUPDATE "tasks" SET "status" = $1, "updated_at" = $2 WHERE "tasks"."id" = $3[0m  [["status", "processing"], ["updated_at", "2026-02-22 18:30:47.010725"], ["id", 11]]
  ↳ app/services/webmotors_scraper.rb:3:in `call'
  [1m[36mTRANSACTION (3.3ms)[0m  [1m[35mCOMMIT[0m
  ↳ app/services/webmotors_scraper.rb:3:in `call'
  [1m[36mTRANSACTION (0.4ms)[0m  [1m[35mBEGIN[0m
  ↳ app/services/webmotors_scraper.rb:27:in `call'
  [1m[36mTask Update (2.1ms)[0m  [1m[33mUPDATE "tasks" SET "status" = $1, "title" = $2, "result" = $3, "concluded_at" = $4, "updated_at" = $5 WHERE "tasks"."id" = $6[0m  [["status", "completed"], ["title", "Coleta: BMW X2"], ["result", "{\"marca\":\"BMW\",\"modelo\":\"X2\",\"descricao\":\"2.0 TURBO GASOLINA XDRIVE M35i STEPTRONIC\"}"], ["concluded_at", "2026-02-22 18:31:17.195723"], ["updated_at", "2026-02-22 18:31:17.196310"], ["id", 11]]
  ↳ app/services/webmotors_scraper.rb:27:in `call'
  [1m[36mTRANSACTION (3.2ms)[0m  [1m[35mCOMMIT[0m
  ↳ app/services/webmotors_scraper.rb:27:in `call'
  [1m[36mTask Load (0.9ms)[0m  [1m[34mSELECT "tasks".* FROM "tasks" WHERE "tasks"."id" = $1 LIMIT $2[0m  [["id", 11], ["LIMIT", 1]]
  ↳ app/workers/scrape_vehicles_worker.rb:11:in `perform'
  [1m[36mTRANSACTION (0.2ms)[0m  [1m[35mBEGIN[0m
  ↳ app/workers/scrape_vehicles_worker.rb:5:in `perform'
  [1m[36mTask Create (1.7ms)[0m  [1m[32mINSERT INTO "tasks" ("title", "status", "url", "result", "error_message", "concluded_at", "created_at", "updated_at") VALUES ($1, $2, $3, $4, $5, $6, $7, $8) RETURNING "id"[0m  [["title", "BMW X2 - Pendente"], ["status", "pending"], ["url", "https://www.webmotors.com.br/comprar/bmw/x2/20-turbo-gasolina-xdrive-m35i-steptronic/4-portas/2025-2026/65066397"], ["result", nil], ["error_message", nil], ["concluded_at", nil], ["created_at", "2026-02-22 18:32:58.386345"], ["updated_at", "2026-02-22 18:32:58.386345"]]
  ↳ app/workers/scrape_vehicles_worker.rb:5:in `perform'
  [1m[36mTRANSACTION (3.3ms)[0m  [1m[35mCOMMIT[0m
  ↳ app/workers/scrape_vehicles_worker.rb:5:in `perform'
  [1m[36mTask Load (0.4ms)[0m  [1m[34mSELECT "tasks".* FROM "tasks" WHERE "tasks"."id" = $1 LIMIT $2[0m  [["id", 12], ["LIMIT", 1]]
  ↳ app/services/webmotors_captcha_solver.rb:4:in `run'
  [1m[36mTRANSACTION (0.4ms)[0m  [1m[35mBEGIN[0m
  ↳ app/services/webmotors_scraper.rb:3:in `call'
  [1m[36mTask Update (2.5ms)[0m  [1m[33mUPDATE "tasks" SET "status" = $1, "updated_at" = $2 WHERE "tasks"."id" = $3[0m  [["status", "processing"], ["updated_at", "2026-02-22 18:33:21.343581"], ["id", 12]]
  ↳ app/services/webmotors_scraper.rb:3:in `call'
  [1m[36mTRANSACTION (3.9ms)[0m  [1m[35mCOMMIT[0m
  ↳ app/services/webmotors_scraper.rb:3:in `call'
  [1m[36mTRANSACTION (0.3ms)[0m  [1m[35mBEGIN[0m
  ↳ app/services/webmotors_scraper.rb:27:in `call'
  [1m[36mTask Update (2.4ms)[0m  [1m[33mUPDATE "tasks" SET "status" = $1, "title" = $2, "result" = $3, "concluded_at" = $4, "updated_at" = $5 WHERE "tasks"."id" = $6[0m  [["status", "completed"], ["title", "Coleta: BMW X2"], ["result", "{\"marca\":\"BMW\",\"modelo\":\"X2\"}"], ["concluded_at", "2026-02-22 18:33:31.050243"], ["updated_at", "2026-02-22 18:33:31.050684"], ["id", 12]]
  ↳ app/services/webmotors_scraper.rb:27:in `call'
  [1m[36mTRANSACTION (4.4ms)[0m  [1m[35mCOMMIT[0m
  ↳ app/services/webmotors_scraper.rb:27:in `call'
  [1m[36mTask Load (0.6ms)[0m  [1m[34mSELECT "tasks".* FROM "tasks" WHERE "tasks"."id" = $1 LIMIT $2[0m  [["id", 12], ["LIMIT", 1]]
  ↳ app/workers/scrape_vehicles_worker.rb:11:in `perform'
  [1m[35m (100.2ms)[0m  [1m[35mCREATE DATABASE "manager_db" ENCODING = 'unicode'[0m
  [1m[35m (18.7ms)[0m  [1m[35mCREATE TABLE "schema_migrations" ("version" character varying NOT NULL PRIMARY KEY)[0m
  [1m[35m (17.3ms)[0m  [1m[35mCREATE TABLE "ar_internal_metadata" ("key" character varying NOT NULL PRIMARY KEY, "value" character varying, "created_at" timestamp(6) NOT NULL, "updated_at" timestamp(6) NOT NULL)[0m
  [1m[35m (0.3ms)[0m  [1m[34mSELECT pg_try_advisory_lock(1273077628727038575)[0m
  [1m[36mActiveRecord::SchemaMigration Load (0.8ms)[0m  [1m[34mSELECT "schema_migrations"."version" FROM "schema_migrations" ORDER BY "schema_migrations"."version" ASC[0m
  [1m[36mActiveRecord::InternalMetadata Load (0.9ms)[0m  [1m[34mSELECT * FROM "ar_internal_metadata" WHERE "ar_internal_metadata"."key" = $1 ORDER BY "ar_internal_metadata"."key" ASC LIMIT 1[0m  [[nil, "environment"]]
  [1m[36mActiveRecord::InternalMetadata Create (5.8ms)[0m  [1m[32mINSERT INTO "ar_internal_metadata" ("key", "value", "created_at", "updated_at") VALUES ('environment', 'development', '2026-02-22 20:54:36.629847', '2026-02-22 20:54:36.629854') RETURNING "key"[0m
Migrating to CreateTasks (20260222173706)
  [1m[36mTRANSACTION (0.3ms)[0m  [1m[35mBEGIN[0m
  [1m[35m (16.6ms)[0m  [1m[35mCREATE TABLE "tasks" ("id" bigserial primary key, "title" character varying, "status" character varying DEFAULT 'pending', "url" character varying, "result" jsonb, "error_message" text, "concluded_at" timestamp(6), "created_at" timestamp(6) NOT NULL, "updated_at" timestamp(6) NOT NULL)[0m
  [1m[36mActiveRecord::SchemaMigration Create (0.7ms)[0m  [1m[32mINSERT INTO "schema_migrations" ("version") VALUES ('20260222173706') RETURNING "version"[0m
  [1m[36mTRANSACTION (3.4ms)[0m  [1m[35mCOMMIT[0m
  [1m[35m (0.4ms)[0m  [1m[34mSELECT pg_advisory_unlock(1273077628727038575)[0m
  [1m[36mActiveRecord::SchemaMigration Load (0.5ms)[0m  [1m[34mSELECT "schema_migrations"."version" FROM "schema_migrations" ORDER BY "schema_migrations"."version" ASC[0m
Started GET "/tasks" for 172.18.0.1 at 2026-02-22 21:20:50 +0000
  [1m[36mActiveRecord::SchemaMigration Load (1.1ms)[0m  [1m[34mSELECT "schema_migrations"."version" FROM "schema_migrations" ORDER BY "schema_migrations"."version" ASC[0m
Processing by TasksController#index as */*
Filter chain halted as :authenticate_user! rendered or redirected
Completed 401 Unauthorized in 1ms (Views: 0.3ms | ActiveRecord: 0.0ms | Allocations: 477)


Started GET "/tasks" for 172.18.0.1 at 2026-02-22 21:21:17 +0000
Processing by TasksController#index as */*
Filter chain halted as :authenticate_user! rendered or redirected
Completed 401 Unauthorized in 1ms (Views: 0.2ms | ActiveRecord: 0.0ms | Allocations: 215)


Started GET "/tasks" for 172.18.0.1 at 2026-02-22 21:21:22 +0000
Processing by TasksController#index as */*
Filter chain halted as :authenticate_user! rendered or redirected
Completed 401 Unauthorized in 0ms (Views: 0.1ms | ActiveRecord: 0.0ms | Allocations: 215)


Started POST "/tasks" for 172.18.0.1 at 2026-02-22 21:21:23 +0000
Processing by TasksController#create as */*
  Parameters: {"task"=>{"title"=>"teste", "url"=>"https://www.webmotors.com.br/comprar/bmw/x2/20-turbo-gasolina-xdrive-m35i-steptronic/4-portas/2025-2026/65066397"}}
Filter chain halted as :authenticate_user! rendered or redirected
Completed 401 Unauthorized in 1ms (Views: 0.1ms | ActiveRecord: 0.0ms | Allocations: 280)


Started GET "/tasks" for 172.18.0.1 at 2026-02-22 21:21:23 +0000
Processing by TasksController#index as */*
Filter chain halted as :authenticate_user! rendered or redirected
Completed 401 Unauthorized in 1ms (Views: 0.1ms | ActiveRecord: 0.0ms | Allocations: 215)


Started GET "/tasks" for 172.18.0.1 at 2026-02-22 21:21:27 +0000
Processing by TasksController#index as */*
Filter chain halted as :authenticate_user! rendered or redirected
Completed 401 Unauthorized in 1ms (Views: 0.2ms | ActiveRecord: 0.0ms | Allocations: 215)


Started GET "/tasks" for 172.18.0.1 at 2026-02-22 21:21:32 +0000
Processing by TasksController#index as */*
Filter chain halted as :authenticate_user! rendered or redirected
Completed 401 Unauthorized in 1ms (Views: 0.1ms | ActiveRecord: 0.0ms | Allocations: 215)


Started GET "/tasks" for 172.18.0.1 at 2026-02-22 21:21:37 +0000
Processing by TasksController#index as */*
Filter chain halted as :authenticate_user! rendered or redirected
Completed 401 Unauthorized in 1ms (Views: 0.1ms | ActiveRecord: 0.0ms | Allocations: 215)


Started GET "/tasks" for 172.18.0.1 at 2026-02-22 21:21:42 +0000
Processing by TasksController#index as */*
Filter chain halted as :authenticate_user! rendered or redirected
Completed 401 Unauthorized in 1ms (Views: 0.1ms | ActiveRecord: 0.0ms | Allocations: 215)


Started GET "/tasks" for 172.18.0.1 at 2026-02-22 21:21:47 +0000
Processing by TasksController#index as */*
Filter chain halted as :authenticate_user! rendered or redirected
Completed 401 Unauthorized in 0ms (Views: 0.1ms | ActiveRecord: 0.0ms | Allocations: 215)


Started GET "/tasks" for 172.18.0.1 at 2026-02-22 21:21:52 +0000
Processing by TasksController#index as */*
Filter chain halted as :authenticate_user! rendered or redirected
Completed 401 Unauthorized in 1ms (Views: 0.1ms | ActiveRecord: 0.0ms | Allocations: 215)


Started GET "/tasks" for 172.18.0.1 at 2026-02-22 21:21:56 +0000
Processing by TasksController#index as */*
Filter chain halted as :authenticate_user! rendered or redirected
Completed 401 Unauthorized in 1ms (Views: 0.7ms | ActiveRecord: 0.0ms | Allocations: 215)


Started GET "/tasks" for 172.18.0.1 at 2026-02-22 21:22:01 +0000
Processing by TasksController#index as */*
Filter chain halted as :authenticate_user! rendered or redirected
Completed 401 Unauthorized in 1ms (Views: 0.1ms | ActiveRecord: 0.0ms | Allocations: 215)


Started GET "/tasks" for 172.18.0.1 at 2026-02-22 21:22:06 +0000
Processing by TasksController#index as */*
Filter chain halted as :authenticate_user! rendered or redirected
Completed 401 Unauthorized in 1ms (Views: 0.2ms | ActiveRecord: 0.0ms | Allocations: 215)


Started GET "/tasks" for 172.18.0.1 at 2026-02-22 21:22:10 +0000
Processing by TasksController#index as */*
Filter chain halted as :authenticate_user! rendered or redirected
Completed 401 Unauthorized in 1ms (Views: 0.3ms | ActiveRecord: 0.0ms | Allocations: 215)


Started GET "/tasks" for 172.18.0.1 at 2026-02-22 21:22:15 +0000
Processing by TasksController#index as */*
Filter chain halted as :authenticate_user! rendered or redirected
Completed 401 Unauthorized in 0ms (Views: 0.1ms | ActiveRecord: 0.0ms | Allocations: 215)


Started GET "/tasks" for 172.18.0.1 at 2026-02-22 21:22:20 +0000
Processing by TasksController#index as */*
Filter chain halted as :authenticate_user! rendered or redirected
Completed 401 Unauthorized in 1ms (Views: 0.2ms | ActiveRecord: 0.0ms | Allocations: 215)


Started GET "/tasks" for 172.18.0.1 at 2026-02-22 21:22:24 +0000
Processing by TasksController#index as */*
Filter chain halted as :authenticate_user! rendered or redirected
Completed 401 Unauthorized in 1ms (Views: 0.1ms | ActiveRecord: 0.0ms | Allocations: 215)


Started GET "/tasks" for 172.18.0.1 at 2026-02-22 21:22:29 +0000
Processing by TasksController#index as */*
Filter chain halted as :authenticate_user! rendered or redirected
Completed 401 Unauthorized in 1ms (Views: 0.1ms | ActiveRecord: 0.0ms | Allocations: 215)


Started GET "/tasks" for 172.18.0.1 at 2026-02-22 21:22:34 +0000
Processing by TasksController#index as */*
Filter chain halted as :authenticate_user! rendered or redirected
Completed 401 Unauthorized in 1ms (Views: 0.1ms | ActiveRecord: 0.0ms | Allocations: 215)


Started GET "/tasks" for 172.18.0.1 at 2026-02-22 21:22:38 +0000
Processing by TasksController#index as */*
Started GET "/tasks" for 172.18.0.1 at 2026-02-22 21:22:43 +0000
Started GET "/tasks" for 172.18.0.1 at 2026-02-22 21:24:39 +0000
  [1m[36mActiveRecord::SchemaMigration Load (1.1ms)[0m  [1m[34mSELECT "schema_migrations"."version" FROM "schema_migrations" ORDER BY "schema_migrations"."version" ASC[0m
Processing by TasksController#index as */*
Started GET "/tasks" for 172.18.0.1 at 2026-02-22 21:24:44 +0000
Processing by TasksController#index as */*
Filter chain halted as :authenticate_user! rendered or redirected
Completed 401 Unauthorized in 2483ms (Views: 0.7ms | ActiveRecord: 0.0ms | Allocations: 15202)


Started GET "/tasks" for 172.18.0.1 at 2026-02-22 21:24:48 +0000
Processing by TasksController#index as */*
Started GET "/tasks" for 172.18.0.1 at 2026-02-22 21:24:53 +0000
Processing by TasksController#index as */*
Filter chain halted as :authenticate_user! rendered or redirected
Completed 401 Unauthorized in 3651ms (Views: 0.4ms | ActiveRecord: 0.0ms | Allocations: 17098)


Filter chain halted as :authenticate_user! rendered or redirected
Completed 401 Unauthorized in 14242ms (Views: 0.2ms | ActiveRecord: 0.0ms | Allocations: 357261)


Filter chain halted as :authenticate_user! rendered or redirected
Completed 401 Unauthorized in 25490ms (Views: 0.1ms | ActiveRecord: 0.0ms | Allocations: 717711)


Started GET "/tasks" for 172.18.0.1 at 2026-02-22 21:25:14 +0000
Processing by TasksController#index as */*
Filter chain halted as :authenticate_user! rendered or redirected
Completed 401 Unauthorized in 22ms (Views: 0.2ms | ActiveRecord: 0.0ms | Allocations: 6811)


Started GET "/tasks" for 172.18.0.1 at 2026-02-22 21:25:18 +0000
Processing by TasksController#index as */*
Filter chain halted as :authenticate_user! rendered or redirected
Completed 401 Unauthorized in 11ms (Views: 0.2ms | ActiveRecord: 0.0ms | Allocations: 6733)


Started GET "/tasks" for 172.18.0.1 at 2026-02-22 21:25:23 +0000
Processing by TasksController#index as */*
Filter chain halted as :authenticate_user! rendered or redirected
Completed 401 Unauthorized in 21ms (Views: 0.2ms | ActiveRecord: 0.0ms | Allocations: 11066)


Started GET "/tasks" for 172.18.0.1 at 2026-02-22 21:25:28 +0000
Processing by TasksController#index as */*
Started GET "/tasks" for 172.18.0.1 at 2026-02-22 21:25:33 +0000
Processing by TasksController#index as */*
Started GET "/tasks" for 172.18.0.1 at 2026-02-22 21:25:37 +0000
Processing by TasksController#index as */*
Started GET "/tasks" for 172.18.0.1 at 2026-02-22 21:25:42 +0000
Processing by TasksController#index as */*
Started GET "/tasks" for 172.18.0.1 at 2026-02-22 21:25:47 +0000
Processing by TasksController#index as */*
Started GET "/tasks" for 172.18.0.1 at 2026-02-23 00:02:46 +0000
  [1m[36mActiveRecord::SchemaMigration Load (4.6ms)[0m  [1m[34mSELECT "schema_migrations"."version" FROM "schema_migrations" ORDER BY "schema_migrations"."version" ASC[0m
Processing by TasksController#index as */*
Started GET "/tasks" for 172.18.0.1 at 2026-02-23 00:02:50 +0000
Processing by TasksController#index as */*
Started GET "/tasks" for 172.18.0.1 at 2026-02-23 00:02:55 +0000
Processing by TasksController#index as */*
Started GET "/tasks" for 172.18.0.1 at 2026-02-23 00:02:59 +0000
Processing by TasksController#index as */*
Started GET "/tasks" for 172.18.0.1 at 2026-02-23 00:03:04 +0000
Processing by TasksController#index as */*
Started GET "/tasks" for 172.18.0.1 at 2026-02-23 00:14:28 +0000
  [1m[36mActiveRecord::SchemaMigration Load (1.0ms)[0m  [1m[34mSELECT "schema_migrations"."version" FROM "schema_migrations" ORDER BY "schema_migrations"."version" ASC[0m
Processing by TasksController#index as */*
Filter chain halted as :authenticate_user! rendered or redirected
Completed 401 Unauthorized in 1ms (Views: 0.4ms | ActiveRecord: 0.0ms | Allocations: 339)


Started POST "/tasks" for 172.18.0.1 at 2026-02-23 00:14:41 +0000
Processing by TasksController#create as */*
  Parameters: {"task"=>{"title"=>"tre", "url"=>"https://www.webmotors.com.br/comprar/bmw/x2/20-turbo-gasolina-xdrive-m35i-steptronic/4-portas/2025-2026/65066397"}}
Filter chain halted as :authenticate_user! rendered or redirected
Completed 401 Unauthorized in 1ms (Views: 0.2ms | ActiveRecord: 0.0ms | Allocations: 150)


Started GET "/tasks" for 172.18.0.1 at 2026-02-23 00:14:41 +0000
Processing by TasksController#index as */*
Filter chain halted as :authenticate_user! rendered or redirected
Completed 401 Unauthorized in 0ms (Views: 0.1ms | ActiveRecord: 0.0ms | Allocations: 91)


Started GET "/tasks" for 172.18.0.1 at 2026-02-23 00:22:22 +0000
  [1m[36mActiveRecord::SchemaMigration Load (0.9ms)[0m  [1m[34mSELECT "schema_migrations"."version" FROM "schema_migrations" ORDER BY "schema_migrations"."version" ASC[0m
Processing by TasksController#index as */*
Filter chain halted as :authenticate_user! rendered or redirected
Completed 401 Unauthorized in 65020ms (Views: 0.7ms | ActiveRecord: 0.0ms | Allocations: 79774)


Started POST "/tasks" for 172.18.0.1 at 2026-02-23 00:24:48 +0000
Processing by TasksController#create as */*
  Parameters: {"task"=>{"title"=>"teste", "url"=>"https://www.webmotors.com.br/comprar/bmw/x2/20-turbo-gasolina-xdrive-m35i-steptronic/4-portas/2025-2026/65066397"}}
Filter chain halted as :authenticate_user! rendered or redirected
Completed 401 Unauthorized in 100321ms (Views: 0.2ms | ActiveRecord: 0.0ms | Allocations: 184633)


Started GET "/tasks" for 172.18.0.1 at 2026-02-23 00:26:29 +0000
Processing by TasksController#index as */*
Filter chain halted as :authenticate_user! rendered or redirected
Completed 401 Unauthorized in 1329ms (Views: 0.2ms | ActiveRecord: 0.0ms | Allocations: 8176)


Started GET "/tasks" for 172.18.0.1 at 2026-02-23 00:26:45 +0000
Processing by TasksController#index as */*
Filter chain halted as :authenticate_user! rendered or redirected
Completed 401 Unauthorized in 56113ms (Views: 0.2ms | ActiveRecord: 0.0ms | Allocations: 62028)


Started GET "/tasks" for 172.18.0.1 at 2026-02-23 00:31:27 +0000
Processing by TasksController#index as */*
Started GET "/tasks" for 172.18.0.1 at 2026-02-23 00:33:28 +0000
Processing by TasksController#index as */*
Filter chain halted as :authenticate_user! rendered or redirected
Completed 401 Unauthorized in 92731ms (Views: 0.6ms | ActiveRecord: 0.0ms | Allocations: 175374)


Filter chain halted as :authenticate_user! rendered or redirected
Completed 401 Unauthorized in 216320ms (Views: 0.2ms | ActiveRecord: 0.0ms | Allocations: 761860)


Started GET "/tasks" for 172.18.0.1 at 2026-02-23 00:36:14 +0000
  [1m[36mActiveRecord::SchemaMigration Load (1.1ms)[0m  [1m[34mSELECT "schema_migrations"."version" FROM "schema_migrations" ORDER BY "schema_migrations"."version" ASC[0m
Processing by TasksController#index as */*
Filter chain halted as :authenticate_user! rendered or redirected
Completed 401 Unauthorized in 133250ms (Views: 0.4ms | ActiveRecord: 0.0ms | Allocations: 172559)


Started GET "/tasks" for 172.18.0.1 at 2026-02-23 00:40:07 +0000
  [1m[36mActiveRecord::SchemaMigration Load (1.1ms)[0m  [1m[34mSELECT "schema_migrations"."version" FROM "schema_migrations" ORDER BY "schema_migrations"."version" ASC[0m
Processing by TasksController#index as */*
Filter chain halted as :authenticate_user! rendered or redirected
Completed 401 Unauthorized in 345671ms (Views: 0.6ms | ActiveRecord: 0.0ms | Allocations: 443056)


Started GET "/tasks" for 172.18.0.1 at 2026-02-23 00:46:38 +0000
  [1m[36mActiveRecord::SchemaMigration Load (1.1ms)[0m  [1m[34mSELECT "schema_migrations"."version" FROM "schema_migrations" ORDER BY "schema_migrations"."version" ASC[0m
Processing by TasksController#index as */*
Started POST "/tasks" for 172.18.0.1 at 2026-02-23 00:48:14 +0000
Processing by TasksController#create as */*
  Parameters: {"task"=>{"title"=>"fggf", "url"=>"https://www.webmotors.com.br/comprar/bmw/x2/20-turbo-gasolina-xdrive-m35i-steptronic/4-portas/2025-2026/65066397"}}
Filter chain halted as :authenticate_user! rendered or redirected
Completed 401 Unauthorized in 16092ms (Views: 0.3ms | ActiveRecord: 0.0ms | Allocations: 49379)


Filter chain halted as :authenticate_user! rendered or redirected
Completed 401 Unauthorized in 286812ms (Views: 0.3ms | ActiveRecord: 0.0ms | Allocations: 2797761)


Started GET "/tasks" for 172.18.0.1 at 2026-02-23 00:51:47 +0000
Processing by TasksController#index as */*
Filter chain halted as :authenticate_user! rendered or redirected
Completed 401 Unauthorized in 7112ms (Views: 0.4ms | ActiveRecord: 0.0ms | Allocations: 13252)


Started GET "/tasks" for 172.18.0.1 at 2026-02-23 00:53:10 +0000
Processing by TasksController#index as */*
Filter chain halted as :authenticate_user! rendered or redirected
Completed 401 Unauthorized in 1ms (Views: 0.2ms | ActiveRecord: 0.0ms | Allocations: 198)


Started GET "/tasks" for 172.18.0.1 at 2026-02-23 00:55:21 +0000
Processing by TasksController#index as */*
Filter chain halted as :authenticate_user! rendered or redirected
Completed 401 Unauthorized in 1ms (Views: 0.5ms | ActiveRecord: 0.0ms | Allocations: 84)


Started POST "/tasks" for 172.18.0.1 at 2026-02-23 00:56:02 +0000
Processing by TasksController#create as */*
  Parameters: {"task"=>{"title"=>"2526", "url"=>"https://www.webmotors.com.br/comprar/bmw/x2/20-turbo-gasolina-xdrive-m35i-steptronic/4-portas/2025-2026/65066397"}}
Filter chain halted as :authenticate_user! rendered or redirected
Completed 401 Unauthorized in 1ms (Views: 0.2ms | ActiveRecord: 0.0ms | Allocations: 139)


Started GET "/tasks" for 172.18.0.1 at 2026-02-23 00:56:02 +0000
Processing by TasksController#index as */*
Filter chain halted as :authenticate_user! rendered or redirected
Completed 401 Unauthorized in 0ms (Views: 0.1ms | ActiveRecord: 0.0ms | Allocations: 84)


Started GET "/tasks" for 172.18.0.1 at 2026-02-23 01:00:11 +0000
Processing by TasksController#index as */*
Filter chain halted as :authenticate_user! rendered or redirected
Completed 401 Unauthorized in 1ms (Views: 0.2ms | ActiveRecord: 0.0ms | Allocations: 84)


Started POST "/tasks" for 172.18.0.1 at 2026-02-23 01:00:36 +0000
Processing by TasksController#create as */*
  Parameters: {"task"=>{"title"=>"11", "url"=>"https://www.webmotors.com.br/comprar/bmw/x2/20-turbo-gasolina-xdrive-m35i-steptronic/4-portas/2025-2026/65066397"}}
Filter chain halted as :authenticate_user! rendered or redirected
Completed 401 Unauthorized in 0ms (Views: 0.2ms | ActiveRecord: 0.0ms | Allocations: 85)


Started GET "/tasks" for 172.18.0.1 at 2026-02-23 01:00:36 +0000
Processing by TasksController#index as */*
Filter chain halted as :authenticate_user! rendered or redirected
Completed 401 Unauthorized in 0ms (Views: 0.1ms | ActiveRecord: 0.0ms | Allocations: 84)


Started GET "/tasks" for 172.18.0.1 at 2026-02-23 01:04:40 +0000
Processing by TasksController#index as */*
Filter chain halted as :authenticate_user! rendered or redirected
Completed 401 Unauthorized in 1ms (Views: 0.3ms | ActiveRecord: 0.0ms | Allocations: 84)


Started POST "/tasks" for 172.18.0.1 at 2026-02-23 01:04:56 +0000
Processing by TasksController#create as */*
  Parameters: {"task"=>{"title"=>"jgh", "url"=>"https://www.webmotors.com.br/comprar/bmw/x2/20-turbo-gasolina-xdrive-m35i-steptronic/4-portas/2025-2026/65066397"}}
Filter chain halted as :authenticate_user! rendered or redirected
Completed 401 Unauthorized in 1ms (Views: 0.2ms | ActiveRecord: 0.0ms | Allocations: 84)


Started GET "/tasks" for 172.18.0.1 at 2026-02-23 01:04:56 +0000
Processing by TasksController#index as */*
Filter chain halted as :authenticate_user! rendered or redirected
Completed 401 Unauthorized in 1ms (Views: 0.2ms | ActiveRecord: 0.0ms | Allocations: 84)


Started GET "/tasks" for 172.18.0.1 at 2026-02-23 01:07:16 +0000
  [1m[36mActiveRecord::SchemaMigration Load (2.5ms)[0m  [1m[34mSELECT "schema_migrations"."version" FROM "schema_migrations" ORDER BY "schema_migrations"."version" ASC[0m
Processing by TasksController#index as */*
Filter chain halted as :authenticate_user! rendered or redirected
Completed 401 Unauthorized in 1ms (Views: 0.2ms | ActiveRecord: 0.0ms | Allocations: 314)


Started GET "/tasks" for 172.18.0.1 at 2026-02-23 01:11:48 +0000
  [1m[36mActiveRecord::SchemaMigration Load (1.0ms)[0m  [1m[34mSELECT "schema_migrations"."version" FROM "schema_migrations" ORDER BY "schema_migrations"."version" ASC[0m
Processing by TasksController#index as */*
Filter chain halted as :authenticate_user! rendered or redirected
Completed 401 Unauthorized in 1ms (Views: 0.4ms | ActiveRecord: 0.0ms | Allocations: 315)


Started GET "/tasks" for 172.18.0.1 at 2026-02-23 01:13:06 +0000
  [1m[36mActiveRecord::SchemaMigration Load (1.1ms)[0m  [1m[34mSELECT "schema_migrations"."version" FROM "schema_migrations" ORDER BY "schema_migrations"."version" ASC[0m
Processing by TasksController#index as */*
Filter chain halted as :authenticate_user! rendered or redirected
Completed 401 Unauthorized in 1ms (Views: 0.3ms | ActiveRecord: 0.0ms | Allocations: 315)


Started GET "/tasks" for 172.18.0.1 at 2026-02-23 01:16:01 +0000
  [1m[36mActiveRecord::SchemaMigration Load (0.9ms)[0m  [1m[34mSELECT "schema_migrations"."version" FROM "schema_migrations" ORDER BY "schema_migrations"."version" ASC[0m
Processing by TasksController#index as */*
Filter chain halted as :authenticate_user! rendered or redirected
Completed 401 Unauthorized in 1ms (Views: 0.3ms | ActiveRecord: 0.0ms | Allocations: 363)


Started POST "/tasks" for 172.18.0.1 at 2026-02-23 01:16:40 +0000
Processing by TasksController#create as */*
  Parameters: {"task"=>{"title"=>"256", "url"=>"https://www.webmotors.com.br/comprar/bmw/x2/20-turbo-gasolina-xdrive-m35i-steptronic/4-portas/2025-2026/65066397"}}
Filter chain halted as :authenticate_user! rendered or redirected
Completed 401 Unauthorized in 1ms (Views: 0.2ms | ActiveRecord: 0.0ms | Allocations: 167)


Started GET "/tasks" for 172.18.0.1 at 2026-02-23 01:16:41 +0000
Processing by TasksController#index as */*
Filter chain halted as :authenticate_user! rendered or redirected
Completed 401 Unauthorized in 0ms (Views: 0.1ms | ActiveRecord: 0.0ms | Allocations: 103)


Started GET "/tasks" for 172.18.0.1 at 2026-02-23 02:12:14 +0000
  [1m[36mActiveRecord::SchemaMigration Load (3.7ms)[0m  [1m[34mSELECT "schema_migrations"."version" FROM "schema_migrations" ORDER BY "schema_migrations"."version" ASC[0m
Processing by TasksController#index as */*
Filter chain halted as :authenticate_user! rendered or redirected
Completed 401 Unauthorized in 50759ms (Views: 0.5ms | ActiveRecord: 0.0ms | Allocations: 63194)


Started GET "/tasks" for 172.18.0.1 at 2026-02-23 02:13:36 +0000
  [1m[36mActiveRecord::SchemaMigration Load (0.9ms)[0m  [1m[34mSELECT "schema_migrations"."version" FROM "schema_migrations" ORDER BY "schema_migrations"."version" ASC[0m
Processing by TasksController#index as */*
Filter chain halted as :authenticate_user! rendered or redirected
Completed 401 Unauthorized in 67187ms (Views: 0.8ms | ActiveRecord: 0.0ms | Allocations: 76502)


Started GET "/tasks" for 172.18.0.1 at 2026-02-23 02:15:15 +0000
  [1m[36mActiveRecord::SchemaMigration Load (0.8ms)[0m  [1m[34mSELECT "schema_migrations"."version" FROM "schema_migrations" ORDER BY "schema_migrations"."version" ASC[0m
  
LoadError (cannot load such file -- jwt):
  
app/controllers/application_controller.rb:1:in `<main>'
app/controllers/tasks_controller.rb:1:in `<main>'
Started GET "/tasks" for 172.18.0.1 at 2026-02-23 02:20:55 +0000
  [1m[36mActiveRecord::SchemaMigration Load (1.0ms)[0m  [1m[34mSELECT "schema_migrations"."version" FROM "schema_migrations" ORDER BY "schema_migrations"."version" ASC[0m
Processing by TasksController#index as */*
Completed 500 Internal Server Error in 18096ms (ActiveRecord: 25.2ms | Allocations: 50132)


  
ActiveRecord::StatementInvalid (PG::UndefinedColumn: ERROR:  column tasks.user_id does not exist
LINE 1: SELECT "tasks".* FROM "tasks" WHERE "tasks"."user_id" = $1 O...
                                            ^
):
  
Started GET "/tasks" for 172.18.0.1 at 2026-02-23 02:22:33 +0000
  [1m[36mActiveRecord::SchemaMigration Load (1.0ms)[0m  [1m[34mSELECT "schema_migrations"."version" FROM "schema_migrations" ORDER BY "schema_migrations"."version" ASC[0m
Processing by TasksController#index as */*
Completed 500 Internal Server Error in 64ms (ActiveRecord: 9.5ms | Allocations: 13993)


  
ActiveRecord::StatementInvalid (PG::UndefinedColumn: ERROR:  column tasks.user_id does not exist
LINE 1: SELECT "tasks".* FROM "tasks" WHERE "tasks"."user_id" = $1 O...
                                            ^
):
  
  [1m[35m (0.3ms)[0m  [1m[34mSELECT pg_try_advisory_lock(1273077628727038575)[0m
  [1m[36mActiveRecord::SchemaMigration Load (1.1ms)[0m  [1m[34mSELECT "schema_migrations"."version" FROM "schema_migrations" ORDER BY "schema_migrations"."version" ASC[0m
  [1m[36mActiveRecord::InternalMetadata Load (2.4ms)[0m  [1m[34mSELECT * FROM "ar_internal_metadata" WHERE "ar_internal_metadata"."key" = $1 ORDER BY "ar_internal_metadata"."key" ASC LIMIT 1[0m  [[nil, "environment"]]
Migrating to AddUserIdToTasks (20260223022358)
  [1m[36mTRANSACTION (0.3ms)[0m  [1m[35mBEGIN[0m
  [1m[35m (7.1ms)[0m  [1m[35mALTER TABLE "tasks" ADD "user_id" integer[0m
  [1m[35m (18.6ms)[0m  [1m[35mCREATE INDEX "index_tasks_on_user_id" ON "tasks" ("user_id")[0m
  [1m[36mActiveRecord::SchemaMigration Create (0.5ms)[0m  [1m[32mINSERT INTO "schema_migrations" ("version") VALUES ('20260223022358') RETURNING "version"[0m
  [1m[36mTRANSACTION (3.3ms)[0m  [1m[35mCOMMIT[0m
  [1m[35m (0.7ms)[0m  [1m[34mSELECT pg_advisory_unlock(1273077628727038575)[0m
  [1m[36mActiveRecord::SchemaMigration Load (0.5ms)[0m  [1m[34mSELECT "schema_migrations"."version" FROM "schema_migrations" ORDER BY "schema_migrations"."version" ASC[0m
Started GET "/tasks" for 172.18.0.1 at 2026-02-23 02:26:59 +0000
  [1m[36mActiveRecord::SchemaMigration Load (1.1ms)[0m  [1m[34mSELECT "schema_migrations"."version" FROM "schema_migrations" ORDER BY "schema_migrations"."version" ASC[0m
Processing by TasksController#index as */*
  [1m[36mTask Load (1.4ms)[0m  [1m[34mSELECT "tasks".* FROM "tasks" WHERE "tasks"."user_id" = $1 ORDER BY "tasks"."created_at" DESC[0m  [["user_id", 1]]
  ↳ app/controllers/tasks_controller.rb:8:in `index'
Completed 200 OK in 62ms (Views: 2.8ms | ActiveRecord: 10.8ms | Allocations: 14795)


Started POST "/tasks" for 172.18.0.1 at 2026-02-23 02:27:12 +0000
Processing by TasksController#create as */*
  Parameters: {"task"=>{"title"=>"teste", "url"=>"https://www.webmotors.com.br/comprar/bmw/x2/20-turbo-gasolina-xdrive-m35i-steptronic/4-portas/2025-2026/65066397"}}
  [1m[36mTRANSACTION (0.5ms)[0m  [1m[35mBEGIN[0m
  ↳ app/controllers/tasks_controller.rb:17:in `create'
  [1m[36mTask Create (5.5ms)[0m  [1m[32mINSERT INTO "tasks" ("title", "status", "url", "result", "error_message", "concluded_at", "created_at", "updated_at", "user_id") VALUES ($1, $2, $3, $4, $5, $6, $7, $8, $9) RETURNING "id"[0m  [["title", "teste"], ["status", "pending"], ["url", "https://www.webmotors.com.br/comprar/bmw/x2/20-turbo-gasolina-xdrive-m35i-steptronic/4-portas/2025-2026/65066397"], ["result", nil], ["error_message", nil], ["concluded_at", nil], ["created_at", "2026-02-23 02:27:12.793802"], ["updated_at", "2026-02-23 02:27:12.793802"], ["user_id", 1]]
  ↳ app/controllers/tasks_controller.rb:17:in `create'
  [1m[36mTRANSACTION (3.2ms)[0m  [1m[35mCOMMIT[0m
  ↳ app/controllers/tasks_controller.rb:17:in `create'
Completed 201 Created in 34ms (Views: 0.4ms | ActiveRecord: 12.3ms | Allocations: 10891)


Started GET "/tasks" for 172.18.0.1 at 2026-02-23 02:27:12 +0000
Processing by TasksController#index as */*
  [1m[36mTask Load (0.4ms)[0m  [1m[34mSELECT "tasks".* FROM "tasks" WHERE "tasks"."user_id" = $1 ORDER BY "tasks"."created_at" DESC[0m  [["user_id", 1]]
  ↳ app/controllers/tasks_controller.rb:8:in `index'
Completed 200 OK in 4ms (Views: 2.4ms | ActiveRecord: 0.4ms | Allocations: 1234)


Started GET "/tasks" for 172.18.0.1 at 2026-02-23 02:27:25 +0000
Processing by TasksController#index as */*
  [1m[36mTask Load (0.5ms)[0m  [1m[34mSELECT "tasks".* FROM "tasks" WHERE "tasks"."user_id" = $1 ORDER BY "tasks"."created_at" DESC[0m  [["user_id", 1]]
  ↳ app/controllers/tasks_controller.rb:8:in `index'
Completed 200 OK in 5ms (Views: 3.4ms | ActiveRecord: 0.5ms | Allocations: 1007)


Started POST "/tasks" for 172.18.0.1 at 2026-02-23 02:30:39 +0000
Processing by TasksController#create as */*
  Parameters: {"task"=>{"title"=>"teste2", "url"=>"https://www.webmotors.com.br/comprar/bmw/x2/20-turbo-gasolina-xdrive-m35i-steptronic/4-portas/2025-2026/65066397"}}
  [1m[36mTRANSACTION (0.2ms)[0m  [1m[35mBEGIN[0m
  ↳ app/controllers/tasks_controller.rb:17:in `create'
  [1m[36mTask Create (3.2ms)[0m  [1m[32mINSERT INTO "tasks" ("title", "status", "url", "result", "error_message", "concluded_at", "created_at", "updated_at", "user_id") VALUES ($1, $2, $3, $4, $5, $6, $7, $8, $9) RETURNING "id"[0m  [["title", "teste2"], ["status", "pending"], ["url", "https://www.webmotors.com.br/comprar/bmw/x2/20-turbo-gasolina-xdrive-m35i-steptronic/4-portas/2025-2026/65066397"], ["result", nil], ["error_message", nil], ["concluded_at", nil], ["created_at", "2026-02-23 02:30:39.545817"], ["updated_at", "2026-02-23 02:30:39.545817"], ["user_id", 1]]
  ↳ app/controllers/tasks_controller.rb:17:in `create'
  [1m[36mTRANSACTION (3.6ms)[0m  [1m[35mCOMMIT[0m
  ↳ app/controllers/tasks_controller.rb:17:in `create'
Completed 201 Created in 29ms (Views: 0.6ms | ActiveRecord: 10.8ms | Allocations: 7948)


Started GET "/tasks" for 172.18.0.1 at 2026-02-23 02:30:39 +0000
Processing by TasksController#index as */*
  [1m[36mTask Load (0.5ms)[0m  [1m[34mSELECT "tasks".* FROM "tasks" WHERE "tasks"."user_id" = $1 ORDER BY "tasks"."created_at" DESC[0m  [["user_id", 1]]
  ↳ app/controllers/tasks_controller.rb:8:in `index'
Completed 200 OK in 5ms (Views: 3.6ms | ActiveRecord: 0.4ms | Allocations: 1467)


  [1m[36mTask Load (0.6ms)[0m  [1m[34mSELECT "tasks".* FROM "tasks" WHERE "tasks"."id" = $1 LIMIT $2[0m  [["id", 2], ["LIMIT", 1]]
  ↳ app/workers/scrape_vehicles_worker.rb:5:in `perform'
  [1m[36mCACHE Task Load (0.0ms)[0m  [1m[34mSELECT "tasks".* FROM "tasks" WHERE "tasks"."id" = $1 LIMIT $2[0m  [["id", 2], ["LIMIT", 1]]
  ↳ app/services/webmotors_captcha_solver.rb:4:in `run'
  [1m[36mTRANSACTION (0.4ms)[0m  [1m[35mBEGIN[0m
  ↳ app/services/webmotors_captcha_solver.rb:63:in `rescue in block in run'
  [1m[36mTask Update (4.2ms)[0m  [1m[33mUPDATE "tasks" SET "status" = $1, "error_message" = $2, "updated_at" = $3 WHERE "tasks"."id" = $4[0m  [["status", "failed"], ["error_message", "Não conseguiu vencer o Captcha após tentativas."], ["updated_at", "2026-02-23 02:32:26.543877"], ["id", 2]]
  ↳ app/services/webmotors_captcha_solver.rb:63:in `rescue in block in run'
  [1m[36mTRANSACTION (3.3ms)[0m  [1m[35mCOMMIT[0m
  ↳ app/services/webmotors_captcha_solver.rb:63:in `rescue in block in run'
  [1m[36mTask Load (0.6ms)[0m  [1m[34mSELECT "tasks".* FROM "tasks" WHERE "tasks"."id" = $1 LIMIT $2[0m  [["id", 2], ["LIMIT", 1]]
  ↳ app/workers/scrape_vehicles_worker.rb:10:in `perform'
Started GET "/tasks" for 172.18.0.1 at 2026-02-23 02:32:41 +0000
Processing by TasksController#index as */*
  [1m[36mTask Load (0.4ms)[0m  [1m[34mSELECT "tasks".* FROM "tasks" WHERE "tasks"."user_id" = $1 ORDER BY "tasks"."created_at" DESC[0m  [["user_id", 1]]
  ↳ app/controllers/tasks_controller.rb:8:in `index'
Completed 200 OK in 5ms (Views: 3.1ms | ActiveRecord: 0.4ms | Allocations: 1074)


Started POST "/tasks" for 172.18.0.1 at 2026-02-23 02:32:55 +0000
Processing by TasksController#create as */*
  Parameters: {"task"=>{"title"=>"teste3", "url"=>"https://www.webmotors.com.br/comprar/bmw/x2/20-turbo-gasolina-xdrive-m35i-steptronic/4-portas/2025-2026/65066397"}}
  [1m[36mTRANSACTION (0.4ms)[0m  [1m[35mBEGIN[0m
  ↳ app/controllers/tasks_controller.rb:17:in `create'
  [1m[36mTask Create (2.0ms)[0m  [1m[32mINSERT INTO "tasks" ("title", "status", "url", "result", "error_message", "concluded_at", "created_at", "updated_at", "user_id") VALUES ($1, $2, $3, $4, $5, $6, $7, $8, $9) RETURNING "id"[0m  [["title", "teste3"], ["status", "pending"], ["url", "https://www.webmotors.com.br/comprar/bmw/x2/20-turbo-gasolina-xdrive-m35i-steptronic/4-portas/2025-2026/65066397"], ["result", nil], ["error_message", nil], ["concluded_at", nil], ["created_at", "2026-02-23 02:32:55.330871"], ["updated_at", "2026-02-23 02:32:55.330871"], ["user_id", 1]]
  ↳ app/controllers/tasks_controller.rb:17:in `create'
  [1m[36mTRANSACTION (3.2ms)[0m  [1m[35mCOMMIT[0m
  ↳ app/controllers/tasks_controller.rb:17:in `create'
Completed 201 Created in 10ms (Views: 0.5ms | ActiveRecord: 5.5ms | Allocations: 2351)


  [1m[36mTask Load (0.4ms)[0m  [1m[34mSELECT "tasks".* FROM "tasks" WHERE "tasks"."id" = $1 LIMIT $2[0m  [["id", 3], ["LIMIT", 1]]
  ↳ app/workers/scrape_vehicles_worker.rb:5:in `perform'
  [1m[36mCACHE Task Load (0.0ms)[0m  [1m[34mSELECT "tasks".* FROM "tasks" WHERE "tasks"."id" = $1 LIMIT $2[0m  [["id", 3], ["LIMIT", 1]]
  ↳ app/services/webmotors_captcha_solver.rb:4:in `run'
Started GET "/tasks" for 172.18.0.1 at 2026-02-23 02:32:55 +0000
Processing by TasksController#index as */*
  [1m[36mTask Load (0.6ms)[0m  [1m[34mSELECT "tasks".* FROM "tasks" WHERE "tasks"."user_id" = $1 ORDER BY "tasks"."created_at" DESC[0m  [["user_id", 1]]
  ↳ app/controllers/tasks_controller.rb:8:in `index'
Completed 200 OK in 5ms (Views: 3.2ms | ActiveRecord: 0.6ms | Allocations: 1132)


Started GET "/tasks" for 172.18.0.1 at 2026-02-23 02:35:17 +0000
  [1m[36mActiveRecord::SchemaMigration Load (1.2ms)[0m  [1m[34mSELECT "schema_migrations"."version" FROM "schema_migrations" ORDER BY "schema_migrations"."version" ASC[0m
Processing by TasksController#index as */*
  [1m[36mTask Load (0.7ms)[0m  [1m[34mSELECT "tasks".* FROM "tasks" WHERE "tasks"."user_id" = $1 ORDER BY "tasks"."created_at" DESC[0m  [["user_id", 1]]
  ↳ app/controllers/tasks_controller.rb:8:in `index'
Completed 200 OK in 85ms (Views: 20.0ms | ActiveRecord: 13.7ms | Allocations: 22631)


Started POST "/tasks" for 172.18.0.1 at 2026-02-23 02:35:25 +0000
Processing by TasksController#create as */*
  Parameters: {"task"=>{"title"=>"teste4", "url"=>"https://www.webmotors.com.br/comprar/bmw/x2/20-turbo-gasolina-xdrive-m35i-steptronic/4-portas/2025-2026/65066397"}}
  [1m[36mTRANSACTION (0.5ms)[0m  [1m[35mBEGIN[0m
  ↳ app/controllers/tasks_controller.rb:17:in `create'
  [1m[36mTask Create (4.3ms)[0m  [1m[32mINSERT INTO "tasks" ("title", "status", "url", "result", "error_message", "concluded_at", "created_at", "updated_at", "user_id") VALUES ($1, $2, $3, $4, $5, $6, $7, $8, $9) RETURNING "id"[0m  [["title", "teste4"], ["status", "pending"], ["url", "https://www.webmotors.com.br/comprar/bmw/x2/20-turbo-gasolina-xdrive-m35i-steptronic/4-portas/2025-2026/65066397"], ["result", nil], ["error_message", nil], ["concluded_at", nil], ["created_at", "2026-02-23 02:35:26.001560"], ["updated_at", "2026-02-23 02:35:26.001560"], ["user_id", 1]]
  ↳ app/controllers/tasks_controller.rb:17:in `create'
  [1m[36mTRANSACTION (304.7ms)[0m  [1m[35mCOMMIT[0m
  ↳ app/controllers/tasks_controller.rb:17:in `create'
Completed 201 Created in 319ms (Views: 0.6ms | ActiveRecord: 309.3ms | Allocations: 4083)


Started GET "/tasks" for 172.18.0.1 at 2026-02-23 02:35:26 +0000
Processing by TasksController#index as */*
  [1m[36mTask Load (0.4ms)[0m  [1m[34mSELECT "tasks".* FROM "tasks" WHERE "tasks"."user_id" = $1 ORDER BY "tasks"."created_at" DESC[0m  [["user_id", 1]]
  ↳ app/controllers/tasks_controller.rb:8:in `index'
Completed 200 OK in 4ms (Views: 2.7ms | ActiveRecord: 0.4ms | Allocations: 1444)


  [1m[36mTask Load (0.5ms)[0m  [1m[34mSELECT "tasks".* FROM "tasks" WHERE "tasks"."id" = $1 LIMIT $2[0m  [["id", 4], ["LIMIT", 1]]
  ↳ app/workers/scrape_vehicles_worker.rb:5:in `perform'
  [1m[36mCACHE Task Load (0.0ms)[0m  [1m[34mSELECT "tasks".* FROM "tasks" WHERE "tasks"."id" = $1 LIMIT $2[0m  [["id", 4], ["LIMIT", 1]]
  ↳ app/services/webmotors_captcha_solver.rb:4:in `run'
  [1m[36mTRANSACTION (0.4ms)[0m  [1m[35mBEGIN[0m
  ↳ app/services/webmotors_captcha_solver.rb:63:in `rescue in block in run'
  [1m[36mTask Update (2.9ms)[0m  [1m[33mUPDATE "tasks" SET "status" = $1, "error_message" = $2, "updated_at" = $3 WHERE "tasks"."id" = $4[0m  [["status", "failed"], ["error_message", "Não conseguiu vencer o Captcha após tentativas."], ["updated_at", "2026-02-23 02:37:33.224841"], ["id", 4]]
  ↳ app/services/webmotors_captcha_solver.rb:63:in `rescue in block in run'
  [1m[36mTRANSACTION (3.4ms)[0m  [1m[35mCOMMIT[0m
  ↳ app/services/webmotors_captcha_solver.rb:63:in `rescue in block in run'
  [1m[36mTask Load (0.5ms)[0m  [1m[34mSELECT "tasks".* FROM "tasks" WHERE "tasks"."id" = $1 LIMIT $2[0m  [["id", 4], ["LIMIT", 1]]
  ↳ app/workers/scrape_vehicles_worker.rb:10:in `perform'
Started POST "/tasks" for 172.18.0.1 at 2026-02-23 02:37:40 +0000
Processing by TasksController#create as */*
  Parameters: {"task"=>{"title"=>"rter", "url"=>"https://www.webmotors.com.br/comprar/bmw/x2/20-turbo-gasolina-xdrive-m35i-steptronic/4-portas/2025-2026/65066397"}}
  [1m[36mTRANSACTION (0.3ms)[0m  [1m[35mBEGIN[0m
  ↳ app/controllers/tasks_controller.rb:17:in `create'
  [1m[36mTask Create (2.0ms)[0m  [1m[32mINSERT INTO "tasks" ("title", "status", "url", "result", "error_message", "concluded_at", "created_at", "updated_at", "user_id") VALUES ($1, $2, $3, $4, $5, $6, $7, $8, $9) RETURNING "id"[0m  [["title", "rter"], ["status", "pending"], ["url", "https://www.webmotors.com.br/comprar/bmw/x2/20-turbo-gasolina-xdrive-m35i-steptronic/4-portas/2025-2026/65066397"], ["result", nil], ["error_message", nil], ["concluded_at", nil], ["created_at", "2026-02-23 02:37:40.681861"], ["updated_at", "2026-02-23 02:37:40.681861"], ["user_id", 1]]
  ↳ app/controllers/tasks_controller.rb:17:in `create'
  [1m[36mTRANSACTION (4.2ms)[0m  [1m[35mCOMMIT[0m
  ↳ app/controllers/tasks_controller.rb:17:in `create'
Completed 201 Created in 12ms (Views: 0.3ms | ActiveRecord: 6.5ms | Allocations: 2366)


  [1m[36mTask Load (0.7ms)[0m  [1m[34mSELECT "tasks".* FROM "tasks" WHERE "tasks"."id" = $1 LIMIT $2[0m  [["id", 5], ["LIMIT", 1]]
  ↳ app/workers/scrape_vehicles_worker.rb:5:in `perform'
  [1m[36mCACHE Task Load (0.0ms)[0m  [1m[34mSELECT "tasks".* FROM "tasks" WHERE "tasks"."id" = $1 LIMIT $2[0m  [["id", 5], ["LIMIT", 1]]
Started GET "/tasks" for 172.18.0.1 at 2026-02-23 02:37:40 +0000
  ↳ app/services/webmotors_captcha_solver.rb:4:in `run'
Processing by TasksController#index as */*
  [1m[36mTask Load (1.3ms)[0m  [1m[34mSELECT "tasks".* FROM "tasks" WHERE "tasks"."user_id" = $1 ORDER BY "tasks"."created_at" DESC[0m  [["user_id", 1]]
  ↳ app/controllers/tasks_controller.rb:8:in `index'
Completed 200 OK in 8ms (Views: 5.2ms | ActiveRecord: 1.2ms | Allocations: 1276)


Started GET "/tasks" for 172.18.0.1 at 2026-02-23 02:38:26 +0000
  [1m[36mActiveRecord::SchemaMigration Load (0.9ms)[0m  [1m[34mSELECT "schema_migrations"."version" FROM "schema_migrations" ORDER BY "schema_migrations"."version" ASC[0m
Processing by TasksController#index as */*
  [1m[36mTask Load (0.6ms)[0m  [1m[34mSELECT "tasks".* FROM "tasks" WHERE "tasks"."user_id" = $1 ORDER BY "tasks"."created_at" DESC[0m  [["user_id", 1]]
  ↳ app/controllers/tasks_controller.rb:8:in `index'
Completed 200 OK in 74ms (Views: 17.1ms | ActiveRecord: 12.4ms | Allocations: 22757)


Started POST "/tasks" for 172.18.0.1 at 2026-02-23 02:38:32 +0000
Processing by TasksController#create as */*
  Parameters: {"task"=>{"title"=>"fdds", "url"=>"https://www.webmotors.com.br/comprar/bmw/x2/20-turbo-gasolina-xdrive-m35i-steptronic/4-portas/2025-2026/65066397"}}
  [1m[36mTRANSACTION (0.3ms)[0m  [1m[35mBEGIN[0m
  ↳ app/controllers/tasks_controller.rb:17:in `create'
  [1m[36mTask Create (2.7ms)[0m  [1m[32mINSERT INTO "tasks" ("title", "status", "url", "result", "error_message", "concluded_at", "created_at", "updated_at", "user_id") VALUES ($1, $2, $3, $4, $5, $6, $7, $8, $9) RETURNING "id"[0m  [["title", "fdds"], ["status", "pending"], ["url", "https://www.webmotors.com.br/comprar/bmw/x2/20-turbo-gasolina-xdrive-m35i-steptronic/4-portas/2025-2026/65066397"], ["result", nil], ["error_message", nil], ["concluded_at", nil], ["created_at", "2026-02-23 02:38:32.651252"], ["updated_at", "2026-02-23 02:38:32.651252"], ["user_id", 1]]
  ↳ app/controllers/tasks_controller.rb:17:in `create'
  [1m[36mTRANSACTION (3.2ms)[0m  [1m[35mCOMMIT[0m
  ↳ app/controllers/tasks_controller.rb:17:in `create'
Completed 201 Created in 16ms (Views: 0.4ms | ActiveRecord: 6.1ms | Allocations: 4082)


Started GET "/tasks" for 172.18.0.1 at 2026-02-23 02:38:32 +0000
Processing by TasksController#index as */*
  [1m[36mTask Load (0.5ms)[0m  [1m[34mSELECT "tasks".* FROM "tasks" WHERE "tasks"."user_id" = $1 ORDER BY "tasks"."created_at" DESC[0m  [["user_id", 1]]
  ↳ app/controllers/tasks_controller.rb:8:in `index'
Completed 200 OK in 5ms (Views: 3.7ms | ActiveRecord: 0.5ms | Allocations: 1569)


  [1m[36mTask Load (0.5ms)[0m  [1m[34mSELECT "tasks".* FROM "tasks" WHERE "tasks"."id" = $1 LIMIT $2[0m  [["id", 6], ["LIMIT", 1]]
  ↳ app/workers/scrape_vehicles_worker.rb:5:in `perform'
  [1m[36mCACHE Task Load (0.0ms)[0m  [1m[34mSELECT "tasks".* FROM "tasks" WHERE "tasks"."id" = $1 LIMIT $2[0m  [["id", 6], ["LIMIT", 1]]
  ↳ app/services/webmotors_captcha_solver.rb:4:in `run'
Started POST "/tasks" for 172.18.0.1 at 2026-02-23 02:41:09 +0000
  [1m[36mActiveRecord::SchemaMigration Load (0.9ms)[0m  [1m[34mSELECT "schema_migrations"."version" FROM "schema_migrations" ORDER BY "schema_migrations"."version" ASC[0m
Processing by TasksController#create as */*
  Parameters: {"task"=>{"title"=>"gfg", "url"=>"https://www.webmotors.com.br/comprar/bmw/x2/20-turbo-gasolina-xdrive-m35i-steptronic/4-portas/2025-2026/65066397"}}
  [1m[36mTRANSACTION (0.3ms)[0m  [1m[35mBEGIN[0m
  ↳ app/controllers/tasks_controller.rb:17:in `create'
  [1m[36mTask Create (3.3ms)[0m  [1m[32mINSERT INTO "tasks" ("title", "status", "url", "result", "error_message", "concluded_at", "created_at", "updated_at", "user_id") VALUES ($1, $2, $3, $4, $5, $6, $7, $8, $9) RETURNING "id"[0m  [["title", "gfg"], ["status", "pending"], ["url", "https://www.webmotors.com.br/comprar/bmw/x2/20-turbo-gasolina-xdrive-m35i-steptronic/4-portas/2025-2026/65066397"], ["result", nil], ["error_message", nil], ["concluded_at", nil], ["created_at", "2026-02-23 02:41:09.244380"], ["updated_at", "2026-02-23 02:41:09.244380"], ["user_id", 1]]
  ↳ app/controllers/tasks_controller.rb:17:in `create'
  [1m[36mTRANSACTION (3.5ms)[0m  [1m[35mCOMMIT[0m
  ↳ app/controllers/tasks_controller.rb:17:in `create'
Completed 201 Created in 77ms (Views: 0.7ms | ActiveRecord: 19.8ms | Allocations: 19022)


Started GET "/tasks" for 172.18.0.1 at 2026-02-23 02:41:09 +0000
Processing by TasksController#index as */*
  [1m[36mTask Load (0.6ms)[0m  [1m[34mSELECT "tasks".* FROM "tasks" WHERE "tasks"."user_id" = $1 ORDER BY "tasks"."created_at" DESC[0m  [["user_id", 1]]
  ↳ app/controllers/tasks_controller.rb:8:in `index'
Completed 200 OK in 14ms (Views: 5.2ms | ActiveRecord: 0.9ms | Allocations: 3584)


  [1m[36mTask Load (0.4ms)[0m  [1m[34mSELECT "tasks".* FROM "tasks" WHERE "tasks"."id" = $1 LIMIT $2[0m  [["id", 7], ["LIMIT", 1]]
  ↳ app/workers/scrape_vehicles_worker.rb:5:in `perform'
  [1m[36mCACHE Task Load (0.0ms)[0m  [1m[34mSELECT "tasks".* FROM "tasks" WHERE "tasks"."id" = $1 LIMIT $2[0m  [["id", 7], ["LIMIT", 1]]
  ↳ app/services/webmotors_captcha_solver.rb:4:in `run'
  [1m[36mTRANSACTION (0.3ms)[0m  [1m[35mBEGIN[0m
  ↳ app/services/webmotors_scraper.rb:3:in `call'
  [1m[36mTask Update (2.0ms)[0m  [1m[33mUPDATE "tasks" SET "status" = $1, "updated_at" = $2 WHERE "tasks"."id" = $3[0m  [["status", "processing"], ["updated_at", "2026-02-23 02:41:32.377507"], ["id", 7]]
  ↳ app/services/webmotors_scraper.rb:3:in `call'
  [1m[36mTRANSACTION (4.1ms)[0m  [1m[35mCOMMIT[0m
  ↳ app/services/webmotors_scraper.rb:3:in `call'
  [1m[36mTRANSACTION (0.4ms)[0m  [1m[35mBEGIN[0m
  ↳ app/services/webmotors_scraper.rb:27:in `call'
  [1m[36mTask Update (3.0ms)[0m  [1m[33mUPDATE "tasks" SET "status" = $1, "title" = $2, "result" = $3, "concluded_at" = $4, "updated_at" = $5 WHERE "tasks"."id" = $6[0m  [["status", "completed"], ["title", "Coleta:  "], ["result", "{\"brand\":\"BMW\",\"model\":\"X2\",\"price\":\"R$ 539.950\"}"], ["concluded_at", "2026-02-23 02:41:32.431257"], ["updated_at", "2026-02-23 02:41:32.431762"], ["id", 7]]
  ↳ app/services/webmotors_scraper.rb:27:in `call'
  [1m[36mTRANSACTION (3.2ms)[0m  [1m[35mCOMMIT[0m
  ↳ app/services/webmotors_scraper.rb:27:in `call'
  [1m[36mTask Load (0.6ms)[0m  [1m[34mSELECT "tasks".* FROM "tasks" WHERE "tasks"."id" = $1 LIMIT $2[0m  [["id", 7], ["LIMIT", 1]]
  ↳ app/workers/scrape_vehicles_worker.rb:10:in `perform'
Started GET "/tasks" for 172.18.0.1 at 2026-02-23 02:41:44 +0000
Processing by TasksController#index as */*
  [1m[36mTask Load (0.4ms)[0m  [1m[34mSELECT "tasks".* FROM "tasks" WHERE "tasks"."user_id" = $1 ORDER BY "tasks"."created_at" DESC[0m  [["user_id", 1]]
  ↳ app/controllers/tasks_controller.rb:8:in `index'
Completed 200 OK in 5ms (Views: 3.3ms | ActiveRecord: 0.4ms | Allocations: 1500)


Started GET "/tasks" for 172.18.0.1 at 2026-02-23 02:48:29 +0000
  [1m[36mActiveRecord::SchemaMigration Load (1.0ms)[0m  [1m[34mSELECT "schema_migrations"."version" FROM "schema_migrations" ORDER BY "schema_migrations"."version" ASC[0m
Processing by TasksController#index as */*
  [1m[36mTask Load (0.7ms)[0m  [1m[34mSELECT "tasks".* FROM "tasks" WHERE "tasks"."user_id" = $1 ORDER BY "tasks"."created_at" DESC[0m  [["user_id", 1]]
  ↳ app/controllers/tasks_controller.rb:8:in `index'
Completed 200 OK in 87ms (Views: 19.1ms | ActiveRecord: 13.7ms | Allocations: 22915)


Started GET "/tasks" for 172.18.0.1 at 2026-02-23 02:50:41 +0000
Processing by TasksController#index as */*
  [1m[36mTask Load (0.5ms)[0m  [1m[34mSELECT "tasks".* FROM "tasks" WHERE "tasks"."user_id" = $1 ORDER BY "tasks"."created_at" DESC[0m  [["user_id", 1]]
  ↳ app/controllers/tasks_controller.rb:8:in `index'
Completed 200 OK in 5ms (Views: 3.1ms | ActiveRecord: 0.5ms | Allocations: 1637)


Started GET "/tasks" for 172.18.0.1 at 2026-02-23 02:51:07 +0000
  [1m[36mActiveRecord::SchemaMigration Load (1.0ms)[0m  [1m[34mSELECT "schema_migrations"."version" FROM "schema_migrations" ORDER BY "schema_migrations"."version" ASC[0m
Processing by TasksController#index as */*
  [1m[36mTask Load (0.7ms)[0m  [1m[34mSELECT "tasks".* FROM "tasks" WHERE "tasks"."user_id" = $1 ORDER BY "tasks"."created_at" DESC[0m  [["user_id", 1]]
  ↳ app/controllers/tasks_controller.rb:8:in `index'
Completed 200 OK in 83ms (Views: 19.0ms | ActiveRecord: 12.8ms | Allocations: 22915)


Started GET "/tasks" for 172.18.0.1 at 2026-02-23 02:51:33 +0000
Processing by TasksController#index as */*
  [1m[36mTask Load (0.4ms)[0m  [1m[34mSELECT "tasks".* FROM "tasks" WHERE "tasks"."user_id" = $1 ORDER BY "tasks"."created_at" DESC[0m  [["user_id", 1]]
  ↳ app/controllers/tasks_controller.rb:8:in `index'
Completed 200 OK in 4ms (Views: 2.9ms | ActiveRecord: 0.4ms | Allocations: 1637)


Started GET "/tasks" for 172.18.0.1 at 2026-02-23 02:54:02 +0000
  [1m[36mActiveRecord::SchemaMigration Load (1.0ms)[0m  [1m[34mSELECT "schema_migrations"."version" FROM "schema_migrations" ORDER BY "schema_migrations"."version" ASC[0m
Processing by TasksController#index as */*
  [1m[36mTask Load (0.8ms)[0m  [1m[34mSELECT "tasks".* FROM "tasks" WHERE "tasks"."user_id" = $1 ORDER BY "tasks"."created_at" DESC[0m  [["user_id", 1]]
  ↳ app/controllers/tasks_controller.rb:8:in `index'
Completed 200 OK in 95ms (Views: 21.0ms | ActiveRecord: 14.6ms | Allocations: 22909)


Started GET "/tasks" for 172.18.0.1 at 2026-02-23 02:54:07 +0000
Processing by TasksController#index as */*
  [1m[36mTask Load (0.5ms)[0m  [1m[34mSELECT "tasks".* FROM "tasks" WHERE "tasks"."user_id" = $1 ORDER BY "tasks"."created_at" DESC[0m  [["user_id", 1]]
  ↳ app/controllers/tasks_controller.rb:8:in `index'
Completed 200 OK in 5ms (Views: 3.2ms | ActiveRecord: 0.5ms | Allocations: 1637)


Started GET "/tasks" for 172.18.0.1 at 2026-02-23 03:02:46 +0000
  [1m[36mActiveRecord::SchemaMigration Load (0.9ms)[0m  [1m[34mSELECT "schema_migrations"."version" FROM "schema_migrations" ORDER BY "schema_migrations"."version" ASC[0m
Processing by TasksController#index as */*
  [1m[36mTask Load (0.7ms)[0m  [1m[34mSELECT "tasks".* FROM "tasks" WHERE "tasks"."user_id" = $1 ORDER BY "tasks"."created_at" DESC[0m  [["user_id", 1]]
  ↳ app/controllers/tasks_controller.rb:8:in `index'
Completed 200 OK in 77ms (Views: 17.0ms | ActiveRecord: 12.4ms | Allocations: 22909)


Started GET "/tasks" for 172.18.0.1 at 2026-02-23 03:04:30 +0000
Processing by TasksController#index as */*
  [1m[36mTask Load (0.5ms)[0m  [1m[34mSELECT "tasks".* FROM "tasks" WHERE "tasks"."user_id" = $1 ORDER BY "tasks"."created_at" DESC[0m  [["user_id", 1]]
  ↳ app/controllers/tasks_controller.rb:8:in `index'
Completed 200 OK in 5ms (Views: 3.3ms | ActiveRecord: 0.5ms | Allocations: 1637)


Started GET "/tasks" for 172.18.0.1 at 2026-02-23 03:04:32 +0000
Processing by TasksController#index as */*
  [1m[36mTask Load (0.4ms)[0m  [1m[34mSELECT "tasks".* FROM "tasks" WHERE "tasks"."user_id" = $1 ORDER BY "tasks"."created_at" DESC[0m  [["user_id", 1]]
  ↳ app/controllers/tasks_controller.rb:8:in `index'
Completed 200 OK in 5ms (Views: 3.7ms | ActiveRecord: 0.4ms | Allocations: 1437)


Started GET "/tasks" for 172.18.0.1 at 2026-02-23 03:04:32 +0000
Processing by TasksController#index as */*
  [1m[36mTask Load (0.5ms)[0m  [1m[34mSELECT "tasks".* FROM "tasks" WHERE "tasks"."user_id" = $1 ORDER BY "tasks"."created_at" DESC[0m  [["user_id", 1]]
  ↳ app/controllers/tasks_controller.rb:8:in `index'
Completed 200 OK in 6ms (Views: 3.3ms | ActiveRecord: 0.5ms | Allocations: 1417)


Started GET "/tasks" for 172.18.0.1 at 2026-02-23 03:04:36 +0000
Processing by TasksController#index as */*
  [1m[36mTask Load (0.7ms)[0m  [1m[34mSELECT "tasks".* FROM "tasks" WHERE "tasks"."user_id" = $1 ORDER BY "tasks"."created_at" DESC[0m  [["user_id", 1]]
  ↳ app/controllers/tasks_controller.rb:8:in `index'
Completed 200 OK in 8ms (Views: 6.2ms | ActiveRecord: 0.6ms | Allocations: 1399)


Started GET "/tasks" for 172.18.0.1 at 2026-02-23 03:04:36 +0000
Processing by TasksController#index as */*
  [1m[36mTask Load (0.4ms)[0m  [1m[34mSELECT "tasks".* FROM "tasks" WHERE "tasks"."user_id" = $1 ORDER BY "tasks"."created_at" DESC[0m  [["user_id", 1]]
  ↳ app/controllers/tasks_controller.rb:8:in `index'
Completed 200 OK in 4ms (Views: 2.8ms | ActiveRecord: 0.4ms | Allocations: 1399)


Started GET "/tasks" for 172.18.0.1 at 2026-02-23 03:04:42 +0000
Processing by TasksController#index as */*
  [1m[36mTask Load (0.4ms)[0m  [1m[34mSELECT "tasks".* FROM "tasks" WHERE "tasks"."user_id" = $1 ORDER BY "tasks"."created_at" DESC[0m  [["user_id", 1]]
  ↳ app/controllers/tasks_controller.rb:8:in `index'
Completed 200 OK in 6ms (Views: 4.2ms | ActiveRecord: 0.4ms | Allocations: 1417)


Started GET "/tasks" for 172.18.0.1 at 2026-02-23 03:04:42 +0000
Processing by TasksController#index as */*
  [1m[36mTask Load (0.5ms)[0m  [1m[34mSELECT "tasks".* FROM "tasks" WHERE "tasks"."user_id" = $1 ORDER BY "tasks"."created_at" DESC[0m  [["user_id", 1]]
  ↳ app/controllers/tasks_controller.rb:8:in `index'
Completed 200 OK in 6ms (Views: 4.7ms | ActiveRecord: 0.5ms | Allocations: 1399)


Started GET "/tasks" for 172.18.0.1 at 2026-02-23 03:04:46 +0000
Processing by TasksController#index as */*
  [1m[36mTask Load (0.4ms)[0m  [1m[34mSELECT "tasks".* FROM "tasks" WHERE "tasks"."user_id" = $1 ORDER BY "tasks"."created_at" DESC[0m  [["user_id", 1]]
  ↳ app/controllers/tasks_controller.rb:8:in `index'
Completed 200 OK in 28ms (Views: 26.4ms | ActiveRecord: 0.4ms | Allocations: 1399)


Started GET "/tasks" for 172.18.0.1 at 2026-02-23 03:07:07 +0000
Processing by TasksController#index as */*
  [1m[36mTask Load (0.4ms)[0m  [1m[34mSELECT "tasks".* FROM "tasks" WHERE "tasks"."user_id" = $1 ORDER BY "tasks"."created_at" DESC[0m  [["user_id", 1]]
  ↳ app/controllers/tasks_controller.rb:8:in `index'
Completed 200 OK in 6ms (Views: 4.3ms | ActiveRecord: 0.4ms | Allocations: 1399)


Started GET "/tasks" for 172.18.0.1 at 2026-02-23 03:07:07 +0000
Processing by TasksController#index as */*
  [1m[36mTask Load (0.4ms)[0m  [1m[34mSELECT "tasks".* FROM "tasks" WHERE "tasks"."user_id" = $1 ORDER BY "tasks"."created_at" DESC[0m  [["user_id", 1]]
  ↳ app/controllers/tasks_controller.rb:8:in `index'
Completed 200 OK in 5ms (Views: 4.1ms | ActiveRecord: 0.4ms | Allocations: 1399)


Started GET "/tasks" for 172.18.0.1 at 2026-02-23 03:07:09 +0000
Processing by TasksController#index as */*
  [1m[36mTask Load (0.3ms)[0m  [1m[34mSELECT "tasks".* FROM "tasks" WHERE "tasks"."user_id" = $1 ORDER BY "tasks"."created_at" DESC[0m  [["user_id", 1]]
  ↳ app/controllers/tasks_controller.rb:8:in `index'
Completed 200 OK in 4ms (Views: 2.9ms | ActiveRecord: 0.3ms | Allocations: 1399)


Started GET "/tasks" for 172.18.0.1 at 2026-02-23 03:07:09 +0000
Processing by TasksController#index as */*
  [1m[36mTask Load (0.4ms)[0m  [1m[34mSELECT "tasks".* FROM "tasks" WHERE "tasks"."user_id" = $1 ORDER BY "tasks"."created_at" DESC[0m  [["user_id", 1]]
  ↳ app/controllers/tasks_controller.rb:8:in `index'
Completed 200 OK in 6ms (Views: 4.0ms | ActiveRecord: 0.4ms | Allocations: 1399)


Started GET "/tasks" for 172.18.0.1 at 2026-02-23 03:07:14 +0000
Processing by TasksController#index as */*
  [1m[36mTask Load (0.3ms)[0m  [1m[34mSELECT "tasks".* FROM "tasks" WHERE "tasks"."user_id" = $1 ORDER BY "tasks"."created_at" DESC[0m  [["user_id", 1]]
  ↳ app/controllers/tasks_controller.rb:8:in `index'
Completed 200 OK in 5ms (Views: 3.7ms | ActiveRecord: 0.3ms | Allocations: 1399)


